#
# A fatal error has been detected by the Java Runtime Environment:
#
#  SIGSEGV (0xb) at pc=0x000000e2ff410000, pid=17573, tid=18190
#
# JRE version: OpenJDK Runtime Environment (11.0.6+10) (build 11.0.6+10-post-Ubuntu-1ubuntu118.04.1)
# Java VM: OpenJDK 64-Bit Server VM (11.0.6+10-post-Ubuntu-1ubuntu118.04.1, mixed mode, sharing, tiered, compressed oops, parallel gc, linux-amd64)
# Problematic frame:
# C  0x000000e2ff410000
#
# Core dump will be written. Default location: core.17573 (may not exist)
#
# If you would like to submit a bug report, please visit:
#   https://bugs.launchpad.net/ubuntu/+source/openjdk-lts
#

---------------  S U M M A R Y ------------

Command Line: --add-modules=ALL-SYSTEM --add-opens=java.base/java.util=ALL-UNNAMED --add-opens=java.base/java.lang=ALL-UNNAMED -Declipse.application=org.eclipse.jdt.ls.core.id1 -Dosgi.bundles.defaultStartLevel=4 -Declipse.product=org.eclipse.jdt.ls.core.product -Dfile.encoding=utf8 -XX:+UseParallelGC -XX:GCTimeRatio=4 -XX:AdaptiveSizePolicyWeight=90 -Dsun.zip.disableMemoryMapping=true -Xmx1G -Xms100m -Xverify:none /home/viral/.vscode-server/extensions/redhat.java-0.60.0/server/plugins/org.eclipse.equinox.launcher_1.5.700.v20200207-2156.jar -configuration /home/viral/.vscode-server/data/User/globalStorage/redhat.java/0.60.0/config_linux -data /home/viral/.vscode-server/data/User/workspaceStorage/03e036886388a1d3ce77852ecc181773/redhat.java/jdt_ws

Host: Intel(R) Core(TM) i7-2670QM CPU @ 2.20GHz, 8 cores, 7G, Ubuntu 18.04.4 LTS
Time: Thu Apr 30 23:08:24 2020 IST elapsed time: 1231 seconds (0d 0h 20m 31s)

---------------  T H R E A D  ---------------

Current thread (0x00007f6604094800):  JavaThread "ForkJoinPool.commonPool-worker-15" daemon [_thread_in_Java, id=18190, stack(0x00007f66800c0000,0x00007f66801c1000)]

Stack: [0x00007f66800c0000,0x00007f66801c1000],  sp=0x00007f66801bdee8,  free space=1015k
Native frames: (J=compiled Java code, A=aot compiled Java code, j=interpreted, Vv=VM code, C=native code)
C  0x000000e2ff410000


siginfo: si_signo: 11 (SIGSEGV), si_code: 1 (SEGV_MAPERR), si_addr: 0x000000e2ff410000

Register to memory mapping:

RAX=0x00000008003a76d0 is pointing into metadata
RBX=0x0000000800000000 is pointing into metadata
RCX=0x000000000000062a is an unknown value
RDX=
[error occurred during error reporting (printing register info), id 0xb, SIGSEGV (0xb) at pc=0x00007f66a8f5565e]

Registers:
RAX=0x00000008003a76d0, RBX=0x0000000800000000, RCX=0x000000000000062a, RDX=0x00000000d6c21338
RSP=0x00007f66801bdee8, RBP=0x00000000d6bfe260, RSI=0x00000000d6c21338, RDI=0x00000000eaf2f990
R8 =0x00000000eaf29f88, R9 =0x00000000eaf2f990, R10=0x0000000800000000, R11=0x00000008000029a8
R12=0x0000000000000000, R13=0x0000000000000000, R14=0x0000000000000200, R15=0x00007f6604094800
RIP=0x000000e2ff410000, EFLAGS=0x0000000000010246, CSGSFS=0x00000053002b0033, ERR=0x0000000000000000
  TRAPNO=0x0000000000000000

Top of Stack: (sp=0x00007f66801bdee8)
0x00007f66801bdee8:   00007f6690acf578 0000000000000000
0x00007f66801bdef8:   00000efe00000200 00000000eaf29f88
0x00007f66801bdf08:   00000000ca3b9840 00000000eaf2f990
0x00007f66801bdf18:   eaf2f990eaf29f88 d6c213380000062a 

Instructions: (pc=0x000000e2ff410000)
0x000000e2ff40ff00:   ?? ?? ?? ?? ?? ?? ?? ?? ?? ?? ?? ?? ?? ?? ?? ??
0x000000e2ff40ff10:   ?? ?? ?? ?? ?? ?? ?? ?? ?? ?? ?? ?? ?? ?? ?? ??
0x000000e2ff40ff20:   ?? ?? ?? ?? ?? ?? ?? ?? ?? ?? ?? ?? ?? ?? ?? ??
0x000000e2ff40ff30:   ?? ?? ?? ?? ?? ?? ?? ?? ?? ?? ?? ?? ?? ?? ?? ??
0x000000e2ff40ff40:   ?? ?? ?? ?? ?? ?? ?? ?? ?? ?? ?? ?? ?? ?? ?? ??
0x000000e2ff40ff50:   ?? ?? ?? ?? ?? ?? ?? ?? ?? ?? ?? ?? ?? ?? ?? ??
0x000000e2ff40ff60:   ?? ?? ?? ?? ?? ?? ?? ?? ?? ?? ?? ?? ?? ?? ?? ??
0x000000e2ff40ff70:   ?? ?? ?? ?? ?? ?? ?? ?? ?? ?? ?? ?? ?? ?? ?? ??
0x000000e2ff40ff80:   ?? ?? ?? ?? ?? ?? ?? ?? ?? ?? ?? ?? ?? ?? ?? ??
0x000000e2ff40ff90:   ?? ?? ?? ?? ?? ?? ?? ?? ?? ?? ?? ?? ?? ?? ?? ??
0x000000e2ff40ffa0:   ?? ?? ?? ?? ?? ?? ?? ?? ?? ?? ?? ?? ?? ?? ?? ??
0x000000e2ff40ffb0:   ?? ?? ?? ?? ?? ?? ?? ?? ?? ?? ?? ?? ?? ?? ?? ??
0x000000e2ff40ffc0:   ?? ?? ?? ?? ?? ?? ?? ?? ?? ?? ?? ?? ?? ?? ?? ??
0x000000e2ff40ffd0:   ?? ?? ?? ?? ?? ?? ?? ?? ?? ?? ?? ?? ?? ?? ?? ??
0x000000e2ff40ffe0:   ?? ?? ?? ?? ?? ?? ?? ?? ?? ?? ?? ?? ?? ?? ?? ??
0x000000e2ff40fff0:   ?? ?? ?? ?? ?? ?? ?? ?? ?? ?? ?? ?? ?? ?? ?? ??
0x000000e2ff410000:   ?? ?? ?? ?? ?? ?? ?? ?? ?? ?? ?? ?? ?? ?? ?? ??
0x000000e2ff410010:   ?? ?? ?? ?? ?? ?? ?? ?? ?? ?? ?? ?? ?? ?? ?? ??
0x000000e2ff410020:   ?? ?? ?? ?? ?? ?? ?? ?? ?? ?? ?? ?? ?? ?? ?? ??
0x000000e2ff410030:   ?? ?? ?? ?? ?? ?? ?? ?? ?? ?? ?? ?? ?? ?? ?? ??
0x000000e2ff410040:   ?? ?? ?? ?? ?? ?? ?? ?? ?? ?? ?? ?? ?? ?? ?? ??
0x000000e2ff410050:   ?? ?? ?? ?? ?? ?? ?? ?? ?? ?? ?? ?? ?? ?? ?? ??
0x000000e2ff410060:   ?? ?? ?? ?? ?? ?? ?? ?? ?? ?? ?? ?? ?? ?? ?? ??
0x000000e2ff410070:   ?? ?? ?? ?? ?? ?? ?? ?? ?? ?? ?? ?? ?? ?? ?? ??
0x000000e2ff410080:   ?? ?? ?? ?? ?? ?? ?? ?? ?? ?? ?? ?? ?? ?? ?? ??
0x000000e2ff410090:   ?? ?? ?? ?? ?? ?? ?? ?? ?? ?? ?? ?? ?? ?? ?? ??
0x000000e2ff4100a0:   ?? ?? ?? ?? ?? ?? ?? ?? ?? ?? ?? ?? ?? ?? ?? ??
0x000000e2ff4100b0:   ?? ?? ?? ?? ?? ?? ?? ?? ?? ?? ?? ?? ?? ?? ?? ??
0x000000e2ff4100c0:   ?? ?? ?? ?? ?? ?? ?? ?? ?? ?? ?? ?? ?? ?? ?? ??
0x000000e2ff4100d0:   ?? ?? ?? ?? ?? ?? ?? ?? ?? ?? ?? ?? ?? ?? ?? ??
0x000000e2ff4100e0:   ?? ?? ?? ?? ?? ?? ?? ?? ?? ?? ?? ?? ?? ?? ?? ??
0x000000e2ff4100f0:   ?? ?? ?? ?? ?? ?? ?? ?? ?? ?? ?? ?? ?? ?? ?? ?? 


Stack slot to memory mapping:
stack at sp + 0 slots: 0x00007f6690acf578 is at entry_point+3064 in (nmethod*)0x00007f6690ace710
stack at sp + 1 slots: 0x0 is NULL
stack at sp + 2 slots: 0x00000efe00000200 is an unknown value
stack at sp + 3 slots: 0x00000000eaf29f88 points into unknown readable memory: 01 00 00 00 00 00 00 00
stack at sp + 4 slots: 0x00000000ca3b9840 is an oop: org.eclipse.jdt.internal.compiler.util.SimpleLookupTable 
{0x00000000ca3b9840} - klass: 'org/eclipse/jdt/internal/compiler/util/SimpleLookupTable'
stack at sp + 5 slots: 0x00000000eaf2f990 points into unknown readable memory: 01 00 00 00 00 00 00 00
stack at sp + 6 slots: 0xeaf2f990eaf29f88 is an unknown value
stack at sp + 7 slots: 0xd6c213380000062a is an unknown value


---------------  P R O C E S S  ---------------

Threads class SMR info:
_java_thread_list=0x00007f6664c227c0, length=30, elements={
0x00007f66a0014800, 0x00007f66a01dc800, 0x00007f66a01de800, 0x00007f66a01eb000,
0x00007f66a01ed800, 0x00007f66a01ef800, 0x00007f66a01f1800, 0x00007f66a0242800,
0x00007f66a0295000, 0x00007f66a04e0000, 0x00007f66a033f800, 0x00007f66a051c000,
0x00007f664811a800, 0x00007f66481b9800, 0x00007f6648361800, 0x00007f66a044c000,
0x00007f66a057a800, 0x00007f65fc00a000, 0x00007f662c014800, 0x00007f6604096800,
0x00007f660409c800, 0x00007f660409d800, 0x00007f6604087800, 0x00007f6604064800,
0x00007f6610001800, 0x00007f6604094800, 0x00007f6604078000, 0x00007f6608007000,
0x00007f6664207000, 0x00007f666439b000
}

Java Threads: ( => current thread )
  0x00007f66a0014800 JavaThread "main" [_thread_blocked, id=17574, stack(0x00007f66aa710000,0x00007f66aa811000)]
  0x00007f66a01dc800 JavaThread "Reference Handler" daemon [_thread_blocked, id=17577, stack(0x00007f6682240000,0x00007f6682341000)]
  0x00007f66a01de800 JavaThread "Finalizer" daemon [_thread_blocked, id=17578, stack(0x00007f6682130000,0x00007f6682231000)]
  0x00007f66a01eb000 JavaThread "Signal Dispatcher" daemon [_thread_blocked, id=17579, stack(0x00007f6681d20000,0x00007f6681e21000)]
  0x00007f66a01ed800 JavaThread "C2 CompilerThread0" daemon [_thread_blocked, id=17580, stack(0x00007f6681c10000,0x00007f6681d11000)]
  0x00007f66a01ef800 JavaThread "C1 CompilerThread0" daemon [_thread_blocked, id=17581, stack(0x00007f6681b00000,0x00007f6681c01000)]
  0x00007f66a01f1800 JavaThread "Sweeper thread" daemon [_thread_blocked, id=17582, stack(0x00007f66819f0000,0x00007f6681af1000)]
  0x00007f66a0242800 JavaThread "Common-Cleaner" daemon [_thread_blocked, id=17583, stack(0x00007f66818e0000,0x00007f66819e1000)]
  0x00007f66a0295000 JavaThread "Service Thread" daemon [_thread_blocked, id=17584, stack(0x00007f66817d0000,0x00007f66818d1000)]
  0x00007f66a04e0000 JavaThread "Active Thread: Equinox Container: 57a8253f-460e-40d6-91c5-9701f7b1e218" [_thread_blocked, id=17591, stack(0x00007f6680e50000,0x00007f6680f51000)]
  0x00007f66a033f800 JavaThread "Framework Event Dispatcher: Equinox Container: 57a8253f-460e-40d6-91c5-9701f7b1e218" daemon [_thread_blocked, id=17602, stack(0x00007f6680f60000,0x00007f6681061000)]
  0x00007f66a051c000 JavaThread "Start Level: Equinox Container: 57a8253f-460e-40d6-91c5-9701f7b1e218" daemon [_thread_blocked, id=17604, stack(0x00007f6680d40000,0x00007f6680e41000)]
  0x00007f664811a800 JavaThread "Worker-JM" [_thread_blocked, id=17613, stack(0x00007f66806e0000,0x00007f66807e1000)]
  0x00007f66481b9800 JavaThread "Worker-0" [_thread_blocked, id=17616, stack(0x00007f66801d0000,0x00007f66802d1000)]
  0x00007f6648361800 JavaThread "Java indexing" daemon [_thread_blocked, id=17624, stack(0x00007f662b6b0000,0x00007f662b7b1000)]
  0x00007f66a044c000 JavaThread "pool-2-thread-1" [_thread_blocked, id=17642, stack(0x00007f662aa90000,0x00007f662ab91000)]
  0x00007f66a057a800 JavaThread "pool-1-thread-1" [_thread_in_native, id=17643, stack(0x00007f662a5a0000,0x00007f662a6a1000)]
  0x00007f65fc00a000 JavaThread "Bundle File Closer" daemon [_thread_blocked, id=17652, stack(0x00007f6681170000,0x00007f6681271000)]
  0x00007f662c014800 JavaThread "Worker-7" [_thread_blocked, id=18013, stack(0x00007f662a780000,0x00007f662a881000)]
  0x00007f6604096800 JavaThread "ForkJoinPool.commonPool-worker-5" daemon [_thread_blocked, id=18016, stack(0x00007f662a490000,0x00007f662a591000)]
  0x00007f660409c800 JavaThread "ForkJoinPool.commonPool-worker-7" daemon [_thread_blocked, id=18020, stack(0x00007f6629760000,0x00007f6629861000)]
  0x00007f660409d800 JavaThread "ForkJoinPool.commonPool-worker-9" daemon [_thread_blocked, id=18021, stack(0x00007f6628e50000,0x00007f6628f51000)]
  0x00007f6604087800 JavaThread "ForkJoinPool.commonPool-worker-11" daemon [_thread_blocked, id=18027, stack(0x00007f6629c70000,0x00007f6629d71000)]
  0x00007f6604064800 JavaThread "ForkJoinPool.commonPool-worker-13" daemon [_thread_blocked, id=18028, stack(0x00007f6628940000,0x00007f6628a41000)]
  0x00007f6610001800 JavaThread "process reaper" daemon [_thread_blocked, id=18158, stack(0x00007f66a4000000,0x00007f66a4022000)]
=>0x00007f6604094800 JavaThread "ForkJoinPool.commonPool-worker-15" daemon [_thread_in_Java, id=18190, stack(0x00007f66800c0000,0x00007f66801c1000)]
  0x00007f6604078000 JavaThread "ForkJoinPool.commonPool-worker-1" daemon [_thread_blocked, id=18193, stack(0x00007f6628720000,0x00007f6628821000)]
  0x00007f6608007000 JavaThread "Worker-11" [_thread_blocked, id=18199, stack(0x00007f6628830000,0x00007f6628931000)]
  0x00007f6664207000 JavaThread "C2 CompilerThread1" daemon [_thread_in_native, id=18213, stack(0x00007f662b5a0000,0x00007f662b6a1000)]
  0x00007f666439b000 JavaThread "C2 CompilerThread2" daemon [_thread_blocked, id=18214, stack(0x00007f6629f80000,0x00007f662a081000)]

Other Threads:
  0x00007f66a01d9800 VMThread "VM Thread" [stack: 0x00007f6682352000,0x00007f6682452000] [id=17576] _threads_hazard_ptr=0x00007f6664c227c0
  0x00007f66a0297800 WatcherThread [stack: 0x00007f66816c2000,0x00007f66817c2000] [id=17585]
  0x00007f66a002d000 GCTaskThread "ParGC Thread#0" [stack: 0x00007f66a62c2000,0x00007f66a63c2000] [id=17575]
  0x00007f667c001000 GCTaskThread "ParGC Thread#1" [stack: 0x00007f6680a12000,0x00007f6680b12000] [id=17608]
  0x00007f667c002800 GCTaskThread "ParGC Thread#2" [stack: 0x00007f6680902000,0x00007f6680a02000] [id=17609]
  0x00007f667c004000 GCTaskThread "ParGC Thread#3" [stack: 0x00007f66807f2000,0x00007f66808f2000] [id=17610]
  0x00007f667c006000 GCTaskThread "ParGC Thread#4" [stack: 0x00007f662bcf2000,0x00007f662bdf2000] [id=17620]
  0x00007f667c007800 GCTaskThread "ParGC Thread#5" [stack: 0x00007f662bbe2000,0x00007f662bce2000] [id=17621]
  0x00007f667c009000 GCTaskThread "ParGC Thread#6" [stack: 0x00007f662bad2000,0x00007f662bbd2000] [id=17622]
  0x00007f667c00a800 GCTaskThread "ParGC Thread#7" [stack: 0x00007f662b9c2000,0x00007f662bac2000] [id=17623]

Threads with active compile tasks:
C2 CompilerThread01231116 14881       4       org.eclipse.jdt.internal.compiler.lookup.BoundSet::incorporate (1283 bytes)
C2 CompilerThread11231116 14734       4       org.eclipse.jdt.internal.compiler.lookup.BinaryTypeBinding::getExactMethod (269 bytes)
C2 CompilerThread21231116 14856   !   4       org.eclipse.jdt.internal.compiler.lookup.SourceTypeBinding::resolveTypeFor (704 bytes)

VM state:synchronizing (normal execution)

VM Mutex/Monitor currently owned by a thread:  ([mutex/lock_event])
[0x00007f66a00104e0] Safepoint_lock - owner thread: 0x00007f66a01d9800
[0x00007f66a0010570] Threads_lock - owner thread: 0x00007f66a01d9800
[0x00007f66a0010cc0] Heap_lock - owner thread: 0x00007f6604087800

Heap address: 0x00000000c0000000, size: 1024 MB, Compressed Oops mode: 32-bit
Narrow klass base: 0x0000000800000000, Narrow klass shift: 3
Compressed class space size: 1073741824 Address: 0x0000000840000000

Heap:
 PSYoungGen      total 24576K, used 24576K [0x00000000eab00000, 0x00000000ecd80000, 0x0000000100000000)
  eden space 19968K, 100% used [0x00000000eab00000,0x00000000ebe80000,0x00000000ebe80000)
  from space 4608K, 100% used [0x00000000ec500000,0x00000000ec980000,0x00000000ec980000)
  to   space 6656K, 0% used [0x00000000ebe80000,0x00000000ebe80000,0x00000000ec500000)
 ParOldGen       total 395776K, used 384653K [0x00000000c0000000, 0x00000000d8280000, 0x00000000eab00000)
  object space 395776K, 97% used [0x00000000c0000000,0x00000000d77a34d8,0x00000000d8280000)
 Metaspace       used 63016K, capacity 66129K, committed 66520K, reserved 1107968K
  class space    used 5878K, capacity 6987K, committed 7128K, reserved 1048576K

Card table byte_map: [0x00007f66a6530000,0x00007f66a6731000] _byte_map_base: 0x00007f66a5f30000

Marking Bits: (ParMarkBitMap*) 0x00007f66a975d100
 Begin Bits: [0x00007f66a42c0000, 0x00007f66a52c0000)
 End Bits:   [0x00007f66a52c0000, 0x00007f66a62c0000)

Polling page: 0x00007f66aa700000

Metaspace:

Usage:
  Non-class:     57.76 MB capacity,    55.80 MB ( 97%) used,     1.82 MB (  3%) free+waste,   144.19 KB ( <1%) overhead. 
      Class:      6.82 MB capacity,     5.74 MB ( 84%) used,     1.02 MB ( 15%) free+waste,    63.31 KB ( <1%) overhead. 
       Both:     64.58 MB capacity,    61.54 MB ( 95%) used,     2.84 MB (  4%) free+waste,   207.50 KB ( <1%) overhead. 

Virtual space:
  Non-class space:       58.00 MB reserved,      58.00 MB (100%) committed 
      Class space:        1.00 GB reserved,       6.96 MB ( <1%) committed 
             Both:        1.06 GB reserved,      64.96 MB (  6%) committed 

Chunk freelists:
   Non-Class:  58.00 KB
       Class:  21.00 KB
        Both:  79.00 KB

MaxMetaspaceSize: unlimited
CompressedClassSpaceSize: 1.00 GB

CodeHeap 'non-profiled nmethods': size=120032Kb used=13116Kb max_used=13285Kb free=106915Kb
 bounds [0x00007f66903d8000, 0x00007f66910f8000, 0x00007f6697910000]
CodeHeap 'profiled nmethods': size=120028Kb used=32583Kb max_used=32810Kb free=87444Kb
 bounds [0x00007f6688ea1000, 0x00007f668aef1000, 0x00007f66903d8000]
CodeHeap 'non-nmethods': size=5700Kb used=1283Kb max_used=1398Kb free=4417Kb
 bounds [0x00007f6688910000, 0x00007f6688b80000, 0x00007f6688ea1000]
 total_blobs=20003 nmethods=12011 adapters=594
 compilation: enabled
              stopped_count=0, restarted_count=0
 full_count=0

Compilation events (20 events):
Event: 1230.893 Thread 0x00007f66a01ef800 14853       3       org.eclipse.jdt.internal.core.search.matching.MethodLocator::matchMethod (464 bytes)
Event: 1230.896 Thread 0x00007f66a01ef800 nmethod 14853 0x00007f668a586390 code [0x00007f668a5866e0, 0x00007f668a588398]
Event: 1230.896 Thread 0x00007f66a01ef800 14854 %     3       org.eclipse.jdt.internal.compiler.lookup.InferenceContext18::isResolved @ 12 (41 bytes)
Event: 1230.897 Thread 0x00007f66a01ef800 nmethod 14854% 0x00007f6689f2fc90 code [0x00007f6689f2fe80, 0x00007f6689f30508]
Event: 1230.909 Thread 0x00007f66a01ef800 14855       2       org.eclipse.jdt.internal.compiler.problem.ProblemReporter::javadocVisibility (79 bytes)
Event: 1230.910 Thread 0x00007f66a01ef800 nmethod 14855 0x00007f6689d9e910 code [0x00007f6689d9eac0, 0x00007f6689d9ed30]
Event: 1230.910 Thread 0x00007f66a01ef800 14857       2       org.eclipse.jdt.internal.core.search.matching.MatchingNodeSet::addMatch (143 bytes)
Event: 1230.911 Thread 0x00007f66a01ef800 nmethod 14857 0x00007f6689f32190 code [0x00007f6689f323c0, 0x00007f6689f329a8]
Event: 1230.919 Thread 0x00007f66a01ef800 14859 %     3       org.eclipse.jdt.internal.compiler.lookup.BlockScope::getBinding @ 352 (745 bytes)
Event: 1230.926 Thread 0x00007f66a01ef800 nmethod 14859% 0x00007f668a6ab890 code [0x00007f668a6ac140, 0x00007f668a6b2a38]
Event: 1230.926 Thread 0x00007f66a01ef800 14862       2       org.eclipse.jdt.internal.compiler.ast.AbstractMethodDeclaration::bindArguments (212 bytes)
Event: 1230.928 Thread 0x00007f66a01ef800 nmethod 14862 0x00007f6689f48410 code [0x00007f6689f48660, 0x00007f6689f48fd8]
Event: 1230.928 Thread 0x00007f66a01ef800 14864       2       org.eclipse.jdt.internal.compiler.ast.Argument::bind (204 bytes)
Event: 1230.930 Thread 0x00007f66a01ef800 nmethod 14864 0x00007f6689f4c590 code [0x00007f6689f4c800, 0x00007f6689f4cf38]
Event: 1230.933 Thread 0x00007f66a01ed800 nmethod 14850 0x00007f66909bc590 code [0x00007f66909bc840, 0x00007f66909be540]
Event: 1230.933 Thread 0x00007f66a01ed800 14863   !   4       org.eclipse.jdt.internal.compiler.lookup.Scope::getBinding (1399 bytes)
Event: 1230.946 Thread 0x00007f66a01ef800 14866       2       org.eclipse.jdt.internal.compiler.ast.ASTNode::isTypeUseDeprecated (215 bytes)
Event: 1230.947 Thread 0x00007f66a01ef800 nmethod 14866 0x00007f6689f4ec10 code [0x00007f6689f4eec0, 0x00007f6689f4f648]
Event: 1230.964 Thread 0x00007f66a01ef800 14867       2       org.eclipse.jdt.internal.compiler.lookup.Scope::getDeclarationModifiers (141 bytes)
Event: 1230.965 Thread 0x00007f66a01ef800 nmethod 14867 0x00007f6689f4bb90 code [0x00007f6689f4bda0, 0x00007f6689f4c248]

GC Heap History (20 events):
Event: 1230.195 GC heap before
{Heap before GC invocations=479 (full 19):
 PSYoungGen      total 20992K, used 20928K [0x00000000eab00000, 0x00000000ec680000, 0x0000000100000000)
  eden space 18432K, 100% used [0x00000000eab00000,0x00000000ebd00000,0x00000000ebd00000)
  from space 2560K, 97% used [0x00000000ec400000,0x00000000ec670020,0x00000000ec680000)
  to   space 2560K, 0% used [0x00000000ec180000,0x00000000ec180000,0x00000000ec400000)
 ParOldGen       total 395776K, used 360931K [0x00000000c0000000, 0x00000000d8280000, 0x00000000eab00000)
  object space 395776K, 91% used [0x00000000c0000000,0x00000000d6078f90,0x00000000d8280000)
 Metaspace       used 63006K, capacity 66064K, committed 66264K, reserved 1107968K
  class space    used 5878K, capacity 6987K, committed 7128K, reserved 1048576K
}
Event: 1230.201 GC heap after
{Heap after GC invocations=479 (full 19):
 PSYoungGen      total 22528K, used 1984K [0x00000000eab00000, 0x00000000ec480000, 0x0000000100000000)
  eden space 20480K, 0% used [0x00000000eab00000,0x00000000eab00000,0x00000000ebf00000)
  from space 2048K, 96% used [0x00000000ec180000,0x00000000ec370000,0x00000000ec380000)
  to   space 1024K, 0% used [0x00000000ec380000,0x00000000ec380000,0x00000000ec480000)
 ParOldGen       total 395776K, used 363120K [0x00000000c0000000, 0x00000000d8280000, 0x00000000eab00000)
  object space 395776K, 91% used [0x00000000c0000000,0x00000000d629c000,0x00000000d8280000)
 Metaspace       used 63006K, capacity 66064K, committed 66264K, reserved 1107968K
  class space    used 5878K, capacity 6987K, committed 7128K, reserved 1048576K
}
Event: 1230.268 GC heap before
{Heap before GC invocations=480 (full 19):
 PSYoungGen      total 22528K, used 22464K [0x00000000eab00000, 0x00000000ec480000, 0x0000000100000000)
  eden space 20480K, 100% used [0x00000000eab00000,0x00000000ebf00000,0x00000000ebf00000)
  from space 2048K, 96% used [0x00000000ec180000,0x00000000ec370000,0x00000000ec380000)
  to   space 1024K, 0% used [0x00000000ec380000,0x00000000ec380000,0x00000000ec480000)
 ParOldGen       total 395776K, used 363120K [0x00000000c0000000, 0x00000000d8280000, 0x00000000eab00000)
  object space 395776K, 91% used [0x00000000c0000000,0x00000000d629c000,0x00000000d8280000)
 Metaspace       used 63006K, capacity 66064K, committed 66264K, reserved 1107968K
  class space    used 5878K, capacity 6987K, committed 7128K, reserved 1048576K
}
Event: 1230.275 GC heap after
{Heap after GC invocations=480 (full 19):
 PSYoungGen      total 20992K, used 992K [0x00000000eab00000, 0x00000000ecb00000, 0x0000000100000000)
  eden space 19968K, 0% used [0x00000000eab00000,0x00000000eab00000,0x00000000ebe80000)
  from space 1024K, 96% used [0x00000000ec380000,0x00000000ec478010,0x00000000ec480000)
  to   space 5120K, 0% used [0x00000000ebe80000,0x00000000ebe80000,0x00000000ec380000)
 ParOldGen       total 395776K, used 366492K [0x00000000c0000000, 0x00000000d8280000, 0x00000000eab00000)
  object space 395776K, 92% used [0x00000000c0000000,0x00000000d65e7140,0x00000000d8280000)
 Metaspace       used 63006K, capacity 66064K, committed 66264K, reserved 1107968K
  class space    used 5878K, capacity 6987K, committed 7128K, reserved 1048576K
}
Event: 1230.334 GC heap before
{Heap before GC invocations=481 (full 19):
 PSYoungGen      total 20992K, used 20960K [0x00000000eab00000, 0x00000000ecb00000, 0x0000000100000000)
  eden space 19968K, 100% used [0x00000000eab00000,0x00000000ebe80000,0x00000000ebe80000)
  from space 1024K, 96% used [0x00000000ec380000,0x00000000ec478010,0x00000000ec480000)
  to   space 5120K, 0% used [0x00000000ebe80000,0x00000000ebe80000,0x00000000ec380000)
 ParOldGen       total 395776K, used 366492K [0x00000000c0000000, 0x00000000d8280000, 0x00000000eab00000)
  object space 395776K, 92% used [0x00000000c0000000,0x00000000d65e7140,0x00000000d8280000)
 Metaspace       used 63011K, capacity 66129K, committed 66520K, reserved 1107968K
  class space    used 5878K, capacity 6987K, committed 7128K, reserved 1048576K
}
Event: 1230.340 GC heap after
{Heap after GC invocations=481 (full 19):
 PSYoungGen      total 25088K, used 2688K [0x00000000eab00000, 0x00000000ec780000, 0x0000000100000000)
  eden space 19968K, 0% used [0x00000000eab00000,0x00000000eab00000,0x00000000ebe80000)
  from space 5120K, 52% used [0x00000000ebe80000,0x00000000ec120000,0x00000000ec380000)
  to   space 3584K, 0% used [0x00000000ec400000,0x00000000ec400000,0x00000000ec780000)
 ParOldGen       total 395776K, used 367500K [0x00000000c0000000, 0x00000000d8280000, 0x00000000eab00000)
  object space 395776K, 92% used [0x00000000c0000000,0x00000000d66e3150,0x00000000d8280000)
 Metaspace       used 63011K, capacity 66129K, committed 66520K, reserved 1107968K
  class space    used 5878K, capacity 6987K, committed 7128K, reserved 1048576K
}
Event: 1230.394 GC heap before
{Heap before GC invocations=482 (full 19):
 PSYoungGen      total 25088K, used 22656K [0x00000000eab00000, 0x00000000ec780000, 0x0000000100000000)
  eden space 19968K, 100% used [0x00000000eab00000,0x00000000ebe80000,0x00000000ebe80000)
  from space 5120K, 52% used [0x00000000ebe80000,0x00000000ec120000,0x00000000ec380000)
  to   space 3584K, 0% used [0x00000000ec400000,0x00000000ec400000,0x00000000ec780000)
 ParOldGen       total 395776K, used 367500K [0x00000000c0000000, 0x00000000d8280000, 0x00000000eab00000)
  object space 395776K, 92% used [0x00000000c0000000,0x00000000d66e3150,0x00000000d8280000)
 Metaspace       used 63011K, capacity 66129K, committed 66520K, reserved 1107968K
  class space    used 5878K, capacity 6987K, committed 7128K, reserved 1048576K
}
Event: 1230.404 GC heap after
{Heap after GC invocations=482 (full 19):
 PSYoungGen      total 24576K, used 3584K [0x00000000eab00000, 0x00000000ec980000, 0x0000000100000000)
  eden space 20992K, 0% used [0x00000000eab00000,0x00000000eab00000,0x00000000ebf80000)
  from space 3584K, 100% used [0x00000000ec400000,0x00000000ec780000,0x00000000ec780000)
  to   space 4608K, 0% used [0x00000000ebf80000,0x00000000ebf80000,0x00000000ec400000)
 ParOldGen       total 395776K, used 368027K [0x00000000c0000000, 0x00000000d8280000, 0x00000000eab00000)
  object space 395776K, 92% used [0x00000000c0000000,0x00000000d6766e70,0x00000000d8280000)
 Metaspace       used 63011K, capacity 66129K, committed 66520K, reserved 1107968K
  class space    used 5878K, capacity 6987K, committed 7128K, reserved 1048576K
}
Event: 1230.468 GC heap before
{Heap before GC invocations=483 (full 19):
 PSYoungGen      total 24576K, used 24576K [0x00000000eab00000, 0x00000000ec980000, 0x0000000100000000)
  eden space 20992K, 100% used [0x00000000eab00000,0x00000000ebf80000,0x00000000ebf80000)
  from space 3584K, 100% used [0x00000000ec400000,0x00000000ec780000,0x00000000ec780000)
  to   space 4608K, 0% used [0x00000000ebf80000,0x00000000ebf80000,0x00000000ec400000)
 ParOldGen       total 395776K, used 368027K [0x00000000c0000000, 0x00000000d8280000, 0x00000000eab00000)
  object space 395776K, 92% used [0x00000000c0000000,0x00000000d6766e70,0x00000000d8280000)
 Metaspace       used 63011K, capacity 66129K, committed 66520K, reserved 1107968K
  class space    used 5878K, capacity 6987K, committed 7128K, reserved 1048576K
}
Event: 1230.476 GC heap after
{Heap after GC invocations=483 (full 19):
 PSYoungGen      total 25600K, used 3008K [0x00000000eab00000, 0x00000000ec880000, 0x0000000100000000)
  eden space 20992K, 0% used [0x00000000eab00000,0x00000000eab00000,0x00000000ebf80000)
  from space 4608K, 65% used [0x00000000ebf80000,0x00000000ec270020,0x00000000ec400000)
  to   space 3584K, 0% used [0x00000000ec500000,0x00000000ec500000,0x00000000ec880000)
 ParOldGen       total 395776K, used 371625K [0x00000000c0000000, 0x00000000d8280000, 0x00000000eab00000)
  object space 395776K, 93% used [0x00000000c0000000,0x00000000d6aea7b0,0x00000000d8280000)
 Metaspace       used 63011K, capacity 66129K, committed 66520K, reserved 1107968K
  class space    used 5878K, capacity 6987K, committed 7128K, reserved 1048576K
}
Event: 1230.643 GC heap before
{Heap before GC invocations=484 (full 19):
 PSYoungGen      total 25600K, used 24000K [0x00000000eab00000, 0x00000000ec880000, 0x0000000100000000)
  eden space 20992K, 100% used [0x00000000eab00000,0x00000000ebf80000,0x00000000ebf80000)
  from space 4608K, 65% used [0x00000000ebf80000,0x00000000ec270020,0x00000000ec400000)
  to   space 3584K, 0% used [0x00000000ec500000,0x00000000ec500000,0x00000000ec880000)
 ParOldGen       total 395776K, used 371625K [0x00000000c0000000, 0x00000000d8280000, 0x00000000eab00000)
  object space 395776K, 93% used [0x00000000c0000000,0x00000000d6aea7b0,0x00000000d8280000)
 Metaspace       used 63013K, capacity 66129K, committed 66520K, reserved 1107968K
  class space    used 5878K, capacity 6987K, committed 7128K, reserved 1048576K
}
Event: 1230.652 GC heap after
{Heap after GC invocations=484 (full 19):
 PSYoungGen      total 24064K, used 3584K [0x00000000eab00000, 0x00000000ecd80000, 0x0000000100000000)
  eden space 20480K, 0% used [0x00000000eab00000,0x00000000eab00000,0x00000000ebf00000)
  from space 3584K, 100% used [0x00000000ec500000,0x00000000ec880000,0x00000000ec880000)
  to   space 6144K, 0% used [0x00000000ebf00000,0x00000000ebf00000,0x00000000ec500000)
 ParOldGen       total 395776K, used 373547K [0x00000000c0000000, 0x00000000d8280000, 0x00000000eab00000)
  object space 395776K, 94% used [0x00000000c0000000,0x00000000d6ccaca0,0x00000000d8280000)
 Metaspace       used 63013K, capacity 66129K, committed 66520K, reserved 1107968K
  class space    used 5878K, capacity 6987K, committed 7128K, reserved 1048576K
}
Event: 1230.709 GC heap before
{Heap before GC invocations=485 (full 19):
 PSYoungGen      total 24064K, used 24064K [0x00000000eab00000, 0x00000000ecd80000, 0x0000000100000000)
  eden space 20480K, 100% used [0x00000000eab00000,0x00000000ebf00000,0x00000000ebf00000)
  from space 3584K, 100% used [0x00000000ec500000,0x00000000ec880000,0x00000000ec880000)
  to   space 6144K, 0% used [0x00000000ebf00000,0x00000000ebf00000,0x00000000ec500000)
 ParOldGen       total 395776K, used 373547K [0x00000000c0000000, 0x00000000d8280000, 0x00000000eab00000)
  object space 395776K, 94% used [0x00000000c0000000,0x00000000d6ccaca0,0x00000000d8280000)
 Metaspace       used 63013K, capacity 66129K, committed 66520K, reserved 1107968K
  class space    used 5878K, capacity 6987K, committed 7128K, reserved 1048576K
}
Event: 1230.720 GC heap after
{Heap after GC invocations=485 (full 19):
 PSYoungGen      total 26624K, used 3168K [0x00000000eab00000, 0x00000000ec900000, 0x0000000100000000)
  eden space 20480K, 0% used [0x00000000eab00000,0x00000000eab00000,0x00000000ebf00000)
  from space 6144K, 51% used [0x00000000ebf00000,0x00000000ec218000,0x00000000ec500000)
  to   space 4096K, 0% used [0x00000000ec500000,0x00000000ec500000,0x00000000ec900000)
 ParOldGen       total 395776K, used 377107K [0x00000000c0000000, 0x00000000d8280000, 0x00000000eab00000)
  object space 395776K, 95% used [0x00000000c0000000,0x00000000d7044ca0,0x00000000d8280000)
 Metaspace       used 63013K, capacity 66129K, committed 66520K, reserved 1107968K
  class space    used 5878K, capacity 6987K, committed 7128K, reserved 1048576K
}
Event: 1230.783 GC heap before
{Heap before GC invocations=486 (full 19):
 PSYoungGen      total 26624K, used 23648K [0x00000000eab00000, 0x00000000ec900000, 0x0000000100000000)
  eden space 20480K, 100% used [0x00000000eab00000,0x00000000ebf00000,0x00000000ebf00000)
  from space 6144K, 51% used [0x00000000ebf00000,0x00000000ec218000,0x00000000ec500000)
  to   space 4096K, 0% used [0x00000000ec500000,0x00000000ec500000,0x00000000ec900000)
 ParOldGen       total 395776K, used 377107K [0x00000000c0000000, 0x00000000d8280000, 0x00000000eab00000)
  object space 395776K, 95% used [0x00000000c0000000,0x00000000d7044ca0,0x00000000d8280000)
 Metaspace       used 63014K, capacity 66129K, committed 66520K, reserved 1107968K
  class space    used 5878K, capacity 6987K, committed 7128K, reserved 1048576K
}
Event: 1230.792 GC heap after
{Heap after GC invocations=486 (full 19):
 PSYoungGen      total 24064K, used 4096K [0x00000000eab00000, 0x00000000ece00000, 0x0000000100000000)
  eden space 19968K, 0% used [0x00000000eab00000,0x00000000eab00000,0x00000000ebe80000)
  from space 4096K, 100% used [0x00000000ec500000,0x00000000ec900000,0x00000000ec900000)
  to   space 6656K, 0% used [0x00000000ebe80000,0x00000000ebe80000,0x00000000ec500000)
 ParOldGen       total 395776K, used 379115K [0x00000000c0000000, 0x00000000d8280000, 0x00000000eab00000)
  object space 395776K, 95% used [0x00000000c0000000,0x00000000d723ace0,0x00000000d8280000)
 Metaspace       used 63014K, capacity 66129K, committed 66520K, reserved 1107968K
  class space    used 5878K, capacity 6987K, committed 7128K, reserved 1048576K
}
Event: 1230.862 GC heap before
{Heap before GC invocations=487 (full 19):
 PSYoungGen      total 24064K, used 24064K [0x00000000eab00000, 0x00000000ece00000, 0x0000000100000000)
  eden space 19968K, 100% used [0x00000000eab00000,0x00000000ebe80000,0x00000000ebe80000)
  from space 4096K, 100% used [0x00000000ec500000,0x00000000ec900000,0x00000000ec900000)
  to   space 6656K, 0% used [0x00000000ebe80000,0x00000000ebe80000,0x00000000ec500000)
 ParOldGen       total 395776K, used 379115K [0x00000000c0000000, 0x00000000d8280000, 0x00000000eab00000)
  object space 395776K, 95% used [0x00000000c0000000,0x00000000d723ace0,0x00000000d8280000)
 Metaspace       used 63014K, capacity 66129K, committed 66520K, reserved 1107968K
  class space    used 5878K, capacity 6987K, committed 7128K, reserved 1048576K
}
Event: 1230.872 GC heap after
{Heap after GC invocations=487 (full 19):
 PSYoungGen      total 26624K, used 3328K [0x00000000eab00000, 0x00000000ec980000, 0x0000000100000000)
  eden space 19968K, 0% used [0x00000000eab00000,0x00000000eab00000,0x00000000ebe80000)
  from space 6656K, 50% used [0x00000000ebe80000,0x00000000ec1c0000,0x00000000ec500000)
  to   space 4608K, 0% used [0x00000000ec500000,0x00000000ec500000,0x00000000ec980000)
 ParOldGen       total 395776K, used 383248K [0x00000000c0000000, 0x00000000d8280000, 0x00000000eab00000)
  object space 395776K, 96% used [0x00000000c0000000,0x00000000d76441d0,0x00000000d8280000)
 Metaspace       used 63014K, capacity 66129K, committed 66520K, reserved 1107968K
  class space    used 5878K, capacity 6987K, committed 7128K, reserved 1048576K
}
Event: 1230.950 GC heap before
{Heap before GC invocations=488 (full 19):
 PSYoungGen      total 26624K, used 23296K [0x00000000eab00000, 0x00000000ec980000, 0x0000000100000000)
  eden space 19968K, 100% used [0x00000000eab00000,0x00000000ebe80000,0x00000000ebe80000)
  from space 6656K, 50% used [0x00000000ebe80000,0x00000000ec1c0000,0x00000000ec500000)
  to   space 4608K, 0% used [0x00000000ec500000,0x00000000ec500000,0x00000000ec980000)
 ParOldGen       total 395776K, used 383248K [0x00000000c0000000, 0x00000000d8280000, 0x00000000eab00000)
  object space 395776K, 96% used [0x00000000c0000000,0x00000000d76441d0,0x00000000d8280000)
 Metaspace       used 63015K, capacity 66129K, committed 66520K, reserved 1107968K
  class space    used 5878K, capacity 6987K, committed 7128K, reserved 1048576K
}
Event: 1230.959 GC heap after
{Heap after GC invocations=488 (full 19):
 PSYoungGen      total 24576K, used 4608K [0x00000000eab00000, 0x00000000ecd80000, 0x0000000100000000)
  eden space 19968K, 0% used [0x00000000eab00000,0x00000000eab00000,0x00000000ebe80000)
  from space 4608K, 100% used [0x00000000ec500000,0x00000000ec980000,0x00000000ec980000)
  to   space 6656K, 0% used [0x00000000ebe80000,0x00000000ebe80000,0x00000000ec500000)
 ParOldGen       total 395776K, used 384653K [0x00000000c0000000, 0x00000000d8280000, 0x00000000eab00000)
  object space 395776K, 97% used [0x00000000c0000000,0x00000000d77a34d8,0x00000000d8280000)
 Metaspace       used 63015K, capacity 66129K, committed 66520K, reserved 1107968K
  class space    used 5878K, capacity 6987K, committed 7128K, reserved 1048576K
}

Deoptimization events (20 events):
Event: 1230.923 Thread 0x00007f6604087800 DEOPT PACKING pc=0x00007f6690fce5c4 sp=0x00007f6629d6d3f0
Event: 1230.923 Thread 0x00007f6604087800 DEOPT UNPACKING pc=0x00007f6688938325 sp=0x00007f6629d6d360 mode 2
Event: 1230.923 Thread 0x00007f6604087800 Uncommon trap: trap_request=0xffffff4d fr.pc=0x00007f6690f83d44 relative=0x0000000000002504
Event: 1230.923 Thread 0x00007f6604087800 Uncommon trap: reason=unstable_if action=reinterpret pc=0x00007f6690f83d44 method=org.eclipse.jdt.internal.compiler.ast.Argument.bind(Lorg/eclipse/jdt/internal/compiler/lookup/MethodScope;Lorg/eclipse/jdt/internal/compiler/lookup/TypeBinding;Z)Lorg/eclips
Event: 1230.923 Thread 0x00007f6604087800 DEOPT PACKING pc=0x00007f6690f83d44 sp=0x00007f6629d6d4c0
Event: 1230.923 Thread 0x00007f6604087800 DEOPT UNPACKING pc=0x00007f6688938325 sp=0x00007f6629d6d468 mode 2
Event: 1230.926 Thread 0x00007f6604094800 Uncommon trap: trap_request=0xffffffde fr.pc=0x00007f6690fce5c4 relative=0x00000000000026a4
Event: 1230.926 Thread 0x00007f6604094800 Uncommon trap: reason=class_check action=maybe_recompile pc=0x00007f6690fce5c4 method=org.eclipse.jdt.internal.compiler.lookup.Scope.getBinding([CILorg/eclipse/jdt/internal/compiler/lookup/InvocationSite;Z)Lorg/eclipse/jdt/internal/compiler/lookup/Binding
Event: 1230.926 Thread 0x00007f6604094800 DEOPT PACKING pc=0x00007f6690fce5c4 sp=0x00007f66801bd360
Event: 1230.926 Thread 0x00007f6604094800 DEOPT UNPACKING pc=0x00007f6688938325 sp=0x00007f66801bd2d0 mode 2
Event: 1230.926 Thread 0x00007f6604094800 Uncommon trap: trap_request=0xffffff4d fr.pc=0x00007f669101d66c relative=0x0000000000001e6c
Event: 1230.926 Thread 0x00007f6604094800 Uncommon trap: reason=unstable_if action=reinterpret pc=0x00007f669101d66c method=org.eclipse.jdt.internal.compiler.ast.Argument.bind(Lorg/eclipse/jdt/internal/compiler/lookup/MethodScope;Lorg/eclipse/jdt/internal/compiler/lookup/TypeBinding;Z)Lorg/eclips
Event: 1230.926 Thread 0x00007f6604094800 DEOPT PACKING pc=0x00007f669101d66c sp=0x00007f66801bd430
Event: 1230.926 Thread 0x00007f6604094800 DEOPT UNPACKING pc=0x00007f6688938325 sp=0x00007f66801bd458 mode 2
Event: 1230.935 Thread 0x00007f6604094800 DEOPT PACKING pc=0x00007f668add491f sp=0x00007f66801be290
Event: 1230.935 Thread 0x00007f6604094800 DEOPT UNPACKING pc=0x00007f668893813a sp=0x00007f66801bd828 mode 0
Event: 1230.945 Thread 0x00007f6604094800 Uncommon trap: trap_request=0xffffff4d fr.pc=0x00007f6690f09508 relative=0x0000000000000848
Event: 1230.945 Thread 0x00007f6604094800 Uncommon trap: reason=unstable_if action=reinterpret pc=0x00007f6690f09508 method=org.eclipse.jdt.internal.compiler.ast.ASTNode.isTypeUseDeprecated(Lorg/eclipse/jdt/internal/compiler/lookup/TypeBinding;Lorg/eclipse/jdt/internal/compiler/lookup/Scope;)Z @ 
Event: 1230.945 Thread 0x00007f6604094800 DEOPT PACKING pc=0x00007f6690f09508 sp=0x00007f66801bdca0
Event: 1230.945 Thread 0x00007f6604094800 DEOPT UNPACKING pc=0x00007f6688938325 sp=0x00007f66801bdc58 mode 2

Classes redefined (0 events):
No events

Internal exceptions (20 events):
Event: 1220.348 Thread 0x00007f6604094800 Exception <a 'java/lang/ArrayIndexOutOfBoundsException'{0x00000000ed2b0e58}: Index 55111 out of bounds for length 55111> (0x00000000ed2b0e58) thrown at [/build/openjdk-lts-iuKaMP/openjdk-lts-11.0.6+10/src/hotspot/share/interpreter/interpreterRuntime.cpp, 
Event: 1220.358 Thread 0x00007f6604087800 Exception <a 'java/lang/ArrayIndexOutOfBoundsException'{0x00000000ed3ba7f0}: Index 54518 out of bounds for length 54518> (0x00000000ed3ba7f0) thrown at [/build/openjdk-lts-iuKaMP/openjdk-lts-11.0.6+10/src/hotspot/share/interpreter/interpreterRuntime.cpp, 
Event: 1220.362 Thread 0x00007f6604094800 Exception <a 'java/lang/ArrayIndexOutOfBoundsException'{0x00000000ed4413c8}: Index 54518 out of bounds for length 54518> (0x00000000ed4413c8) thrown at [/build/openjdk-lts-iuKaMP/openjdk-lts-11.0.6+10/src/hotspot/share/interpreter/interpreterRuntime.cpp, 
Event: 1220.366 Thread 0x00007f6604087800 Exception <a 'java/lang/ArrayIndexOutOfBoundsException'{0x00000000ed414c60}: Index 13413 out of bounds for length 13413> (0x00000000ed414c60) thrown at [/build/openjdk-lts-iuKaMP/openjdk-lts-11.0.6+10/src/hotspot/share/interpreter/interpreterRuntime.cpp, 
Event: 1220.369 Thread 0x00007f6604087800 Exception <a 'java/lang/ArrayIndexOutOfBoundsException'{0x00000000ed4bca48}: Index 2929 out of bounds for length 2929> (0x00000000ed4bca48) thrown at [/build/openjdk-lts-iuKaMP/openjdk-lts-11.0.6+10/src/hotspot/share/interpreter/interpreterRuntime.cpp, li
Event: 1220.371 Thread 0x00007f6604087800 Exception <a 'java/lang/ArrayIndexOutOfBoundsException'{0x00000000ed4ddb78}: Index 11446 out of bounds for length 11446> (0x00000000ed4ddb78) thrown at [/build/openjdk-lts-iuKaMP/openjdk-lts-11.0.6+10/src/hotspot/share/interpreter/interpreterRuntime.cpp, 
Event: 1220.377 Thread 0x00007f6604094800 Exception <a 'java/lang/ArrayIndexOutOfBoundsException'{0x00000000ed49b838}: Index 13413 out of bounds for length 13413> (0x00000000ed49b838) thrown at [/build/openjdk-lts-iuKaMP/openjdk-lts-11.0.6+10/src/hotspot/share/interpreter/interpreterRuntime.cpp, 
Event: 1220.379 Thread 0x00007f6604087800 Exception <a 'java/lang/ArrayIndexOutOfBoundsException'{0x00000000ed539d50}: Index 50626 out of bounds for length 50626> (0x00000000ed539d50) thrown at [/build/openjdk-lts-iuKaMP/openjdk-lts-11.0.6+10/src/hotspot/share/interpreter/interpreterRuntime.cpp, 
Event: 1220.380 Thread 0x00007f6604094800 Exception <a 'java/lang/ArrayIndexOutOfBoundsException'{0x00000000ed5aa898}: Index 2929 out of bounds for length 2929> (0x00000000ed5aa898) thrown at [/build/openjdk-lts-iuKaMP/openjdk-lts-11.0.6+10/src/hotspot/share/interpreter/interpreterRuntime.cpp, li
Event: 1220.382 Thread 0x00007f6604094800 Exception <a 'java/lang/ArrayIndexOutOfBoundsException'{0x00000000ed5cb9c8}: Index 11446 out of bounds for length 11446> (0x00000000ed5cb9c8) thrown at [/build/openjdk-lts-iuKaMP/openjdk-lts-11.0.6+10/src/hotspot/share/interpreter/interpreterRuntime.cpp, 
Event: 1220.388 Thread 0x00007f6604087800 Exception <a 'java/lang/ArrayIndexOutOfBoundsException'{0x00000000ed5921f8}: Index 18077 out of bounds for length 18077> (0x00000000ed5921f8) thrown at [/build/openjdk-lts-iuKaMP/openjdk-lts-11.0.6+10/src/hotspot/share/interpreter/interpreterRuntime.cpp, 
Event: 1220.391 Thread 0x00007f6604094800 Exception <a 'java/lang/ArrayIndexOutOfBoundsException'{0x00000000ed6945f0}: Index 50626 out of bounds for length 50626> (0x00000000ed6945f0) thrown at [/build/openjdk-lts-iuKaMP/openjdk-lts-11.0.6+10/src/hotspot/share/interpreter/interpreterRuntime.cpp, 
Event: 1220.394 Thread 0x00007f6604087800 Exception <a 'java/lang/ArrayIndexOutOfBoundsException'{0x00000000ed6736b0}: Index 41884 out of bounds for length 41884> (0x00000000ed6736b0) thrown at [/build/openjdk-lts-iuKaMP/openjdk-lts-11.0.6+10/src/hotspot/share/interpreter/interpreterRuntime.cpp, 
Event: 1220.400 Thread 0x00007f6604087800 Exception <a 'java/lang/ArrayIndexOutOfBoundsException'{0x00000000ed72cb58}: Index 21135 out of bounds for length 21135> (0x00000000ed72cb58) thrown at [/build/openjdk-lts-iuKaMP/openjdk-lts-11.0.6+10/src/hotspot/share/interpreter/interpreterRuntime.cpp, 
Event: 1220.403 Thread 0x00007f6604094800 Exception <a 'java/lang/ArrayIndexOutOfBoundsException'{0x00000000ed6eca98}: Index 18077 out of bounds for length 18077> (0x00000000ed6eca98) thrown at [/build/openjdk-lts-iuKaMP/openjdk-lts-11.0.6+10/src/hotspot/share/interpreter/interpreterRuntime.cpp, 
Event: 1220.404 Thread 0x00007f6604087800 Exception <a 'java/lang/ArrayIndexOutOfBoundsException'{0x00000000ed765f28}: Index 11529 out of bounds for length 11529> (0x00000000ed765f28) thrown at [/build/openjdk-lts-iuKaMP/openjdk-lts-11.0.6+10/src/hotspot/share/interpreter/interpreterRuntime.cpp, 
Event: 1220.429 Thread 0x00007f6604087800 Exception <a 'java/lang/ArrayIndexOutOfBoundsException'{0x00000000eab9ac68}: Index 21626 out of bounds for length 21626> (0x00000000eab9ac68) thrown at [/build/openjdk-lts-iuKaMP/openjdk-lts-11.0.6+10/src/hotspot/share/interpreter/interpreterRuntime.cpp, 
Event: 1220.430 Thread 0x00007f6604094800 Exception <a 'java/lang/ArrayIndexOutOfBoundsException'{0x00000000eab25c58}: Index 41884 out of bounds for length 41884> (0x00000000eab25c58) thrown at [/build/openjdk-lts-iuKaMP/openjdk-lts-11.0.6+10/src/hotspot/share/interpreter/interpreterRuntime.cpp, 
Event: 1220.433 Thread 0x00007f6604087800 Exception <a 'java/lang/ArrayIndexOutOfBoundsException'{0x00000000eabc2ad8}: Index 8849 out of bounds for length 8849> (0x00000000eabc2ad8) thrown at [/build/openjdk-lts-iuKaMP/openjdk-lts-11.0.6+10/src/hotspot/share/interpreter/interpreterRuntime.cpp, li
Event: 1230.055 Thread 0x00007f6604087800 Implicit null exception at 0x00007f6690fd33f6 to 0x00007f6690fd3b20

Events (20 events):
Event: 1230.194 Executing VM operation: ParallelGCFailedAllocation
Event: 1230.201 Executing VM operation: ParallelGCFailedAllocation done
Event: 1230.268 Executing VM operation: ParallelGCFailedAllocation
Event: 1230.275 Executing VM operation: ParallelGCFailedAllocation done
Event: 1230.334 Executing VM operation: ParallelGCFailedAllocation
Event: 1230.340 Executing VM operation: ParallelGCFailedAllocation done
Event: 1230.394 Executing VM operation: ParallelGCFailedAllocation
Event: 1230.404 Executing VM operation: ParallelGCFailedAllocation done
Event: 1230.468 Executing VM operation: ParallelGCFailedAllocation
Event: 1230.476 Executing VM operation: ParallelGCFailedAllocation done
Event: 1230.643 Executing VM operation: ParallelGCFailedAllocation
Event: 1230.652 Executing VM operation: ParallelGCFailedAllocation done
Event: 1230.709 Executing VM operation: ParallelGCFailedAllocation
Event: 1230.720 Executing VM operation: ParallelGCFailedAllocation done
Event: 1230.783 Executing VM operation: ParallelGCFailedAllocation
Event: 1230.792 Executing VM operation: ParallelGCFailedAllocation done
Event: 1230.862 Executing VM operation: ParallelGCFailedAllocation
Event: 1230.872 Executing VM operation: ParallelGCFailedAllocation done
Event: 1230.950 Executing VM operation: ParallelGCFailedAllocation
Event: 1230.959 Executing VM operation: ParallelGCFailedAllocation done


Dynamic libraries:
c0000000-d8280000 rw-p 00000000 00:00 0
d8280000-eab00000 ---p 00000000 00:00 0
eab00000-ecd80000 rw-p 00000000 00:00 0
ecd80000-100000000 ---p 00000000 00:00 0
800000000-800002000 rwxp 00001000 00:00 262292                   /usr/lib/jvm/java-11-openjdk-amd64/lib/server/classes.jsa
800002000-8003b8000 rw-p 00003000 00:00 262292                   /usr/lib/jvm/java-11-openjdk-amd64/lib/server/classes.jsa
8003b8000-800a8d000 r--p 003b9000 00:00 262292                   /usr/lib/jvm/java-11-openjdk-amd64/lib/server/classes.jsa
800a8d000-800a8e000 rw-p 00a8e000 00:00 262292                   /usr/lib/jvm/java-11-openjdk-amd64/lib/server/classes.jsa
800a8e000-80109a000 r--p 00a8f000 00:00 262292                   /usr/lib/jvm/java-11-openjdk-amd64/lib/server/classes.jsa
840000000-8406f6000 rw-p 00000000 00:00 0
8406f6000-880000000 ---p 00000000 00:00 0
7f65d4000000-7f65d4d8f000 rw-p 00000000 00:00 0
7f65d4d8f000-7f65d8000000 ---p 00000000 00:00 0
7f65d8000000-7f65d8021000 rw-p 00000000 00:00 0
7f65d8021000-7f65dc000000 ---p 00000000 00:00 0
7f65dc000000-7f65dc231000 rw-p 00000000 00:00 0
7f65dc231000-7f65e0000000 ---p 00000000 00:00 0
7f65e0000000-7f65e0d0e000 rw-p 00000000 00:00 0
7f65e0d0e000-7f65e4000000 ---p 00000000 00:00 0
7f65e4000000-7f65e42f6000 rw-p 00000000 00:00 0
7f65e42f6000-7f65e8000000 ---p 00000000 00:00 0
7f65e8000000-7f65e811d000 rw-p 00000000 00:00 0
7f65e811d000-7f65ec000000 ---p 00000000 00:00 0
7f65ec000000-7f65ed360000 rw-p 00000000 00:00 0
7f65ed360000-7f65f0000000 ---p 00000000 00:00 0
7f65f3710000-7f65f3910000 rw-p 00000000 00:00 0
7f65f3910000-7f65fc000000 r--s 00000000 00:00 257371             /usr/lib/jvm/java-11-openjdk-amd64/lib/modules
7f65fc000000-7f65fc1c5000 rw-p 00000000 00:00 0
7f65fc1c5000-7f6600000000 ---p 00000000 00:00 0
7f6600000000-7f6603fab000 rw-p 00000000 00:00 0
7f6603fab000-7f6604000000 ---p 00000000 00:00 0
7f6604000000-7f66040f6000 rw-p 00000000 00:00 0
7f66040f6000-7f6608000000 ---p 00000000 00:00 0
7f6608000000-7f6608034000 rw-p 00000000 00:00 0
7f6608034000-7f660c000000 ---p 00000000 00:00 0
7f660c000000-7f660eb32000 rw-p 00000000 00:00 0
7f660eb32000-7f6610000000 ---p 00000000 00:00 0
7f6610000000-7f6610021000 rw-p 00000000 00:00 0
7f6610021000-7f6614000000 ---p 00000000 00:00 0
7f6614000000-7f6614021000 rw-p 00000000 00:00 0
7f6614021000-7f6618000000 ---p 00000000 00:00 0
7f6618000000-7f6618022000 rw-p 00000000 00:00 0
7f6618022000-7f661c000000 ---p 00000000 00:00 0
7f661c000000-7f661c021000 rw-p 00000000 00:00 0
7f661c021000-7f6620000000 ---p 00000000 00:00 0
7f6620000000-7f6620021000 rw-p 00000000 00:00 0
7f6620021000-7f6624000000 ---p 00000000 00:00 0
7f6624000000-7f6624021000 rw-p 00000000 00:00 0
7f6624021000-7f6628000000 ---p 00000000 00:00 0
7f6628010000-7f6628014000 ---p 00000000 00:00 0
7f6628014000-7f6628111000 rw-p 00000000 00:00 0
7f6628120000-7f6628720000 rw-p 00000000 00:00 0
7f6628720000-7f6628724000 ---p 00000000 00:00 0
7f6628724000-7f6628821000 rw-p 00000000 00:00 0
7f6628830000-7f6628834000 ---p 00000000 00:00 0
7f6628834000-7f6628931000 rw-p 00000000 00:00 0
7f6628940000-7f6628944000 ---p 00000000 00:00 0
7f6628944000-7f6628a41000 rw-p 00000000 00:00 0
7f6628a50000-7f6628e50000 rw-p 00000000 00:00 0
7f6628e50000-7f6628e54000 ---p 00000000 00:00 0
7f6628e54000-7f6628f51000 rw-p 00000000 00:00 0
7f6628f60000-7f6629760000 rw-p 00000000 00:00 0
7f6629760000-7f6629764000 ---p 00000000 00:00 0
7f6629764000-7f6629861000 rw-p 00000000 00:00 0
7f6629870000-7f6629c70000 rw-p 00000000 00:00 0
7f6629c70000-7f6629c74000 ---p 00000000 00:00 0
7f6629c74000-7f6629d71000 rw-p 00000000 00:00 0
7f6629d80000-7f6629f80000 rw-p 00000000 00:00 0
7f6629f80000-7f6629f84000 ---p 00000000 00:00 0
7f6629f84000-7f662a081000 rw-p 00000000 00:00 0
7f662a090000-7f662a490000 rw-p 00000000 00:00 0
7f662a490000-7f662a494000 ---p 00000000 00:00 0
7f662a494000-7f662a591000 rw-p 00000000 00:00 0
7f662a5a0000-7f662a5a4000 ---p 00000000 00:00 0
7f662a5a4000-7f662a6a1000 rw-p 00000000 00:00 0
7f662a780000-7f662a784000 ---p 00000000 00:00 0
7f662a784000-7f662a881000 rw-p 00000000 00:00 0
7f662a890000-7f662aa90000 rw-p 00000000 00:00 0
7f662aa90000-7f662aa94000 ---p 00000000 00:00 0
7f662aa94000-7f662ab91000 rw-p 00000000 00:00 0
7f662aba0000-7f662b5a0000 rw-p 00000000 00:00 0
7f662b5a0000-7f662b5a4000 ---p 00000000 00:00 0
7f662b5a4000-7f662b6a1000 rw-p 00000000 00:00 0
7f662b6b0000-7f662b6b4000 ---p 00000000 00:00 0
7f662b6b4000-7f662b7b1000 rw-p 00000000 00:00 0
7f662b7c0000-7f662b9c0000 rw-p 00000000 00:00 0
7f662b9c0000-7f662b9c1000 ---p 00000000 00:00 0
7f662b9c1000-7f662bac2000 rw-p 00000000 00:00 0
7f662bad0000-7f662bad1000 ---p 00000000 00:00 0
7f662bad1000-7f662bbd2000 rw-p 00000000 00:00 0
7f662bbe0000-7f662bbe1000 ---p 00000000 00:00 0
7f662bbe1000-7f662bce2000 rw-p 00000000 00:00 0
7f662bcf0000-7f662bcf1000 ---p 00000000 00:00 0
7f662bcf1000-7f662bdf2000 rw-p 00000000 00:00 0
7f662be00000-7f662c0c7000 rw-p 00000000 00:00 0
7f662c0c7000-7f6630000000 ---p 00000000 00:00 0
7f6630000000-7f6631969000 rw-p 00000000 00:00 0
7f6631969000-7f6634000000 ---p 00000000 00:00 0
7f6634000000-7f6634021000 rw-p 00000000 00:00 0
7f6634021000-7f6638000000 ---p 00000000 00:00 0
7f6638000000-7f6638021000 rw-p 00000000 00:00 0
7f6638021000-7f663c000000 ---p 00000000 00:00 0
7f663c000000-7f663c021000 rw-p 00000000 00:00 0
7f663c021000-7f6640000000 ---p 00000000 00:00 0
7f6640000000-7f6640021000 rw-p 00000000 00:00 0
7f6640021000-7f6644000000 ---p 00000000 00:00 0
7f6644000000-7f6644021000 rw-p 00000000 00:00 0
7f6644021000-7f6648000000 ---p 00000000 00:00 0
7f6648000000-7f6648d8d000 rw-p 00000000 00:00 0
7f6648d8d000-7f664c000000 ---p 00000000 00:00 0
7f664c000000-7f664d043000 rw-p 00000000 00:00 0
7f664d043000-7f6650000000 ---p 00000000 00:00 0
7f6650000000-7f66501ef000 rw-p 00000000 00:00 0
7f66501ef000-7f6654000000 ---p 00000000 00:00 0
7f6654000000-7f6654021000 rw-p 00000000 00:00 0
7f6654021000-7f6658000000 ---p 00000000 00:00 0
7f6658000000-7f6658021000 rw-p 00000000 00:00 0
7f6658021000-7f665c000000 ---p 00000000 00:00 0
7f665c000000-7f665c021000 rw-p 00000000 00:00 0
7f665c021000-7f6660000000 ---p 00000000 00:00 0
7f6660000000-7f6660021000 rw-p 00000000 00:00 0
7f6660021000-7f6664000000 ---p 00000000 00:00 0
7f6664000000-7f6664fe5000 rw-p 00000000 00:00 0
7f6664fe5000-7f6668000000 ---p 00000000 00:00 0
7f6668000000-7f66680b9000 rw-p 00000000 00:00 0
7f66680b9000-7f666c000000 ---p 00000000 00:00 0
7f666c000000-7f666c021000 rw-p 00000000 00:00 0
7f666c021000-7f6670000000 ---p 00000000 00:00 0
7f6670000000-7f6673d92000 rw-p 00000000 00:00 0
7f6673d92000-7f6674000000 ---p 00000000 00:00 0
7f6674000000-7f6674021000 rw-p 00000000 00:00 0
7f6674021000-7f6678000000 ---p 00000000 00:00 0
7f6678000000-7f6678021000 rw-p 00000000 00:00 0
7f6678021000-7f667c000000 ---p 00000000 00:00 0
7f667c000000-7f667c0d5000 rw-p 00000000 00:00 0
7f667c0d5000-7f6680000000 ---p 00000000 00:00 0
7f66800c0000-7f66800c4000 ---p 00000000 00:00 0
7f66800c4000-7f66801c1000 rw-p 00000000 00:00 0
7f66801d0000-7f66801d4000 ---p 00000000 00:00 0
7f66801d4000-7f66802d1000 rw-p 00000000 00:00 0
7f66802e0000-7f66806e0000 rw-p 00000000 00:00 0
7f66806e0000-7f66806e4000 ---p 00000000 00:00 0
7f66806e4000-7f66807e1000 rw-p 00000000 00:00 0
7f66807f0000-7f66807f1000 ---p 00000000 00:00 0
7f66807f1000-7f66808f2000 rw-p 00000000 00:00 0
7f6680900000-7f6680901000 ---p 00000000 00:00 0
7f6680901000-7f6680a02000 rw-p 00000000 00:00 0
7f6680a10000-7f6680a11000 ---p 00000000 00:00 0
7f6680a11000-7f6680b12000 rw-p 00000000 00:00 0
7f6680b20000-7f6680b30000 r-xp 00000000 00:00 478821             /home/viral/.vscode-server/data/User/globalStorage/redhat.java/0.60.0/config_linux/org.eclipse.equinox.launcher/org.eclipse.equinox.launcher.gtk.linux.x86_64_1.1.1100.v20190907-0426/eclipse_1801.so
7f6680b30000-7f6680b47000 ---p 00010000 00:00 478821             /home/viral/.vscode-server/data/User/globalStorage/redhat.java/0.60.0/config_linux/org.eclipse.equinox.launcher/org.eclipse.equinox.launcher.gtk.linux.x86_64_1.1.1100.v20190907-0426/eclipse_1801.so
7f6680b47000-7f6680d2f000 ---p 00000027 00:00 478821             /home/viral/.vscode-server/data/User/globalStorage/redhat.java/0.60.0/config_linux/org.eclipse.equinox.launcher/org.eclipse.equinox.launcher.gtk.linux.x86_64_1.1.1100.v20190907-0426/eclipse_1801.so
7f6680d2f000-7f6680d30000 r--p 0000f000 00:00 478821             /home/viral/.vscode-server/data/User/globalStorage/redhat.java/0.60.0/config_linux/org.eclipse.equinox.launcher/org.eclipse.equinox.launcher.gtk.linux.x86_64_1.1.1100.v20190907-0426/eclipse_1801.so
7f6680d30000-7f6680d31000 rw-p 00010000 00:00 478821             /home/viral/.vscode-server/data/User/globalStorage/redhat.java/0.60.0/config_linux/org.eclipse.equinox.launcher/org.eclipse.equinox.launcher.gtk.linux.x86_64_1.1.1100.v20190907-0426/eclipse_1801.so
7f6680d40000-7f6680d44000 ---p 00000000 00:00 0
7f6680d44000-7f6680e41000 rw-p 00000000 00:00 0
7f6680e50000-7f6680e54000 ---p 00000000 00:00 0
7f6680e54000-7f6680f51000 rw-p 00000000 00:00 0
7f6680f60000-7f6680f64000 ---p 00000000 00:00 0
7f6680f64000-7f6681061000 rw-p 00000000 00:00 0
7f6681170000-7f6681174000 ---p 00000000 00:00 0
7f6681174000-7f6681271000 rw-p 00000000 00:00 0
7f6681280000-7f6681296000 r-xp 00000000 00:00 257353             /usr/lib/jvm/java-11-openjdk-amd64/lib/libnet.so
7f6681296000-7f6681297000 ---p 00016000 00:00 257353             /usr/lib/jvm/java-11-openjdk-amd64/lib/libnet.so
7f6681297000-7f6681495000 ---p 00000017 00:00 257353             /usr/lib/jvm/java-11-openjdk-amd64/lib/libnet.so
7f6681495000-7f6681496000 r--p 00015000 00:00 257353             /usr/lib/jvm/java-11-openjdk-amd64/lib/libnet.so
7f6681496000-7f6681497000 rw-p 00016000 00:00 257353             /usr/lib/jvm/java-11-openjdk-amd64/lib/libnet.so
7f66814a0000-7f66814b0000 r-xp 00000000 00:00 257354             /usr/lib/jvm/java-11-openjdk-amd64/lib/libnio.so
7f66814b0000-7f66814b1000 ---p 00010000 00:00 257354             /usr/lib/jvm/java-11-openjdk-amd64/lib/libnio.so
7f66814b1000-7f66816af000 ---p 00000011 00:00 257354             /usr/lib/jvm/java-11-openjdk-amd64/lib/libnio.so
7f66816af000-7f66816b0000 r--p 0000f000 00:00 257354             /usr/lib/jvm/java-11-openjdk-amd64/lib/libnio.so
7f66816b0000-7f66816b1000 rw-p 00010000 00:00 257354             /usr/lib/jvm/java-11-openjdk-amd64/lib/libnio.so
7f66816c0000-7f66816c1000 ---p 00000000 00:00 0
7f66816c1000-7f66817c2000 rw-p 00000000 00:00 0
7f66817d0000-7f66817d4000 ---p 00000000 00:00 0
7f66817d4000-7f66818d1000 rw-p 00000000 00:00 0
7f66818e0000-7f66818e4000 ---p 00000000 00:00 0
7f66818e4000-7f66819e1000 rw-p 00000000 00:00 0
7f66819f0000-7f66819f4000 ---p 00000000 00:00 0
7f66819f4000-7f6681af1000 rw-p 00000000 00:00 0
7f6681b00000-7f6681b04000 ---p 00000000 00:00 0
7f6681b04000-7f6681c01000 rw-p 00000000 00:00 0
7f6681c10000-7f6681c14000 ---p 00000000 00:00 0
7f6681c14000-7f6681d11000 rw-p 00000000 00:00 0
7f6681d20000-7f6681d24000 ---p 00000000 00:00 0
7f6681d24000-7f6681e21000 rw-p 00000000 00:00 0
7f6681e22000-7f6681f95000 r--p 00000000 00:00 161445             /usr/lib/locale/C.UTF-8/LC_COLLATE
7f6681f95000-7f6682130000 r--p 00000000 00:00 161471             /usr/lib/locale/locale-archive
7f6682130000-7f6682134000 ---p 00000000 00:00 0
7f6682134000-7f6682231000 rw-p 00000000 00:00 0
7f6682240000-7f6682244000 ---p 00000000 00:00 0
7f6682244000-7f6682341000 rw-p 00000000 00:00 0
7f6682350000-7f6682351000 ---p 00000000 00:00 0
7f6682351000-7f6682452000 rw-p 00000000 00:00 0
7f6682460000-7f6682561000 rw-p 00000000 00:00 0
7f6682570000-7f6682671000 rw-p 00000000 00:00 0
7f6682680000-7f6682781000 rw-p 00000000 00:00 0
7f6682790000-7f6682891000 rw-p 00000000 00:00 0
7f66828a0000-7f66829a1000 rw-p 00000000 00:00 0
7f66829b0000-7f6682ab1000 rw-p 00000000 00:00 0
7f6682ac0000-7f6682bc1000 rw-p 00000000 00:00 0
7f6682bd0000-7f6682cd1000 rw-p 00000000 00:00 0
7f6682ce0000-7f6682de1000 rw-p 00000000 00:00 0
7f6682df0000-7f6682ef1000 rw-p 00000000 00:00 0
7f6682f00000-7f6683001000 rw-p 00000000 00:00 0
7f6683010000-7f6683111000 rw-p 00000000 00:00 0
7f6683120000-7f6683221000 rw-p 00000000 00:00 0
7f6683230000-7f6683331000 rw-p 00000000 00:00 0
7f6683340000-7f6683441000 rw-p 00000000 00:00 0
7f6683450000-7f6683551000 rw-p 00000000 00:00 0
7f6683560000-7f6683661000 rw-p 00000000 00:00 0
7f6683670000-7f6683771000 rw-p 00000000 00:00 0
7f6683780000-7f6683881000 rw-p 00000000 00:00 0
7f6683890000-7f6683991000 rw-p 00000000 00:00 0
7f66839a0000-7f6683aa1000 rw-p 00000000 00:00 0
7f6683ab0000-7f6683bb1000 rw-p 00000000 00:00 0
7f6683bc0000-7f6683cc1000 rw-p 00000000 00:00 0
7f6683cd0000-7f6683dd1000 rw-p 00000000 00:00 0
7f6683de0000-7f6683ee1000 rw-p 00000000 00:00 0
7f6683ef0000-7f6683ff1000 rw-p 00000000 00:00 0
7f6684000000-7f668402b000 rw-p 00000000 00:00 0
7f668402b000-7f6688000000 ---p 00000000 00:00 0
7f6688000000-7f6688101000 rw-p 00000000 00:00 0
7f6688110000-7f6688910000 rw-p 00000000 00:00 0
7f6688910000-7f6688b80000 rwxp 00000000 00:00 0
7f6688b80000-7f6688ea1000 ---p 00000000 00:00 0
7f6688ea1000-7f668aef1000 rwxp 00000000 00:00 0
7f668aef1000-7f66903d8000 ---p 00000000 00:00 0
7f66903d8000-7f66910f8000 rwxp 00000000 00:00 0
7f66910f8000-7f6697910000 ---p 00000000 00:00 0
7f6697910000-7f66a0000000 r--s 00000000 00:00 257371             /usr/lib/jvm/java-11-openjdk-amd64/lib/modules
7f66a0000000-7f66a0580000 rw-p 00000000 00:00 0
7f66a0580000-7f66a4004000 ---p 00000000 00:00 0
7f66a4004000-7f66a4022000 rw-p 00000000 00:00 0
7f66a4030000-7f66a40b1000 rw-p 00000000 00:00 0
7f66a40c0000-7f66a62c0000 rw-p 00000000 00:00 0
7f66a62c0000-7f66a62c1000 ---p 00000000 00:00 0
7f66a62c1000-7f66a63c2000 rw-p 00000000 00:00 0
7f66a63d0000-7f66a6492000 rw-p 00000000 00:00 0
7f66a6492000-7f66a6526000 ---p 00000000 00:00 0
7f66a6530000-7f66a65f2000 rw-p 00000000 00:00 0
7f66a65f2000-7f66a6685000 ---p 00000000 00:00 0
7f66a6685000-7f66a6697000 rw-p 00000000 00:00 0
7f66a6697000-7f66a6730000 ---p 00000000 00:00 0
7f66a6730000-7f66a6731000 rw-p 00000000 00:00 0
7f66a6740000-7f66a6745000 r-xp 00000000 00:00 257344             /usr/lib/jvm/java-11-openjdk-amd64/lib/libjimage.so
7f66a6745000-7f66a6746000 ---p 00005000 00:00 257344             /usr/lib/jvm/java-11-openjdk-amd64/lib/libjimage.so
7f66a6746000-7f66a6944000 ---p 00000006 00:00 257344             /usr/lib/jvm/java-11-openjdk-amd64/lib/libjimage.so
7f66a6944000-7f66a6945000 r--p 00004000 00:00 257344             /usr/lib/jvm/java-11-openjdk-amd64/lib/libjimage.so
7f66a6945000-7f66a6946000 rw-p 00005000 00:00 257344             /usr/lib/jvm/java-11-openjdk-amd64/lib/libjimage.so
7f66a6950000-7f66a6957000 r-xp 00000000 00:00 257370             /usr/lib/jvm/java-11-openjdk-amd64/lib/libzip.so
7f66a6957000-7f66a6958000 ---p 00007000 00:00 257370             /usr/lib/jvm/java-11-openjdk-amd64/lib/libzip.so
7f66a6958000-7f66a6b56000 ---p 00000008 00:00 257370             /usr/lib/jvm/java-11-openjdk-amd64/lib/libzip.so
7f66a6b56000-7f66a6b57000 r--p 00006000 00:00 257370             /usr/lib/jvm/java-11-openjdk-amd64/lib/libzip.so
7f66a6b57000-7f66a6b58000 rw-p 00007000 00:00 257370             /usr/lib/jvm/java-11-openjdk-amd64/lib/libzip.so
7f66a6b60000-7f66a6b6b000 r-xp 00000000 00:00 159074             /lib/x86_64-linux-gnu/libnss_files-2.27.so
7f66a6b6b000-7f66a6b6c000 ---p 0000b000 00:00 159074             /lib/x86_64-linux-gnu/libnss_files-2.27.so
7f66a6b6c000-7f66a6d6a000 ---p 0000000c 00:00 159074             /lib/x86_64-linux-gnu/libnss_files-2.27.so
7f66a6d6a000-7f66a6d6b000 r--p 0000a000 00:00 159074             /lib/x86_64-linux-gnu/libnss_files-2.27.so
7f66a6d6b000-7f66a6d6c000 rw-p 0000b000 00:00 159074             /lib/x86_64-linux-gnu/libnss_files-2.27.so
7f66a6d6c000-7f66a6d72000 rw-p 00000000 00:00 0
7f66a6d80000-7f66a6d97000 r-xp 00000000 00:00 159068             /lib/x86_64-linux-gnu/libnsl-2.27.so
7f66a6d97000-7f66a6d98000 ---p 00017000 00:00 159068             /lib/x86_64-linux-gnu/libnsl-2.27.so
7f66a6d98000-7f66a6f96000 ---p 00000018 00:00 159068             /lib/x86_64-linux-gnu/libnsl-2.27.so
7f66a6f96000-7f66a6f97000 r--p 00016000 00:00 159068             /lib/x86_64-linux-gnu/libnsl-2.27.so
7f66a6f97000-7f66a6f98000 rw-p 00017000 00:00 159068             /lib/x86_64-linux-gnu/libnsl-2.27.so
7f66a6f98000-7f66a6f9a000 rw-p 00000000 00:00 0
7f66a6fa0000-7f66a6fab000 r-xp 00000000 00:00 159078             /lib/x86_64-linux-gnu/libnss_nis-2.27.so
7f66a6fab000-7f66a6fac000 ---p 0000b000 00:00 159078             /lib/x86_64-linux-gnu/libnss_nis-2.27.so
7f66a6fac000-7f66a71aa000 ---p 0000000c 00:00 159078             /lib/x86_64-linux-gnu/libnss_nis-2.27.so
7f66a71aa000-7f66a71ab000 r--p 0000a000 00:00 159078             /lib/x86_64-linux-gnu/libnss_nis-2.27.so
7f66a71ab000-7f66a71ac000 rw-p 0000b000 00:00 159078             /lib/x86_64-linux-gnu/libnss_nis-2.27.so
7f66a71b0000-7f66a71b8000 r-xp 00000000 00:00 159070             /lib/x86_64-linux-gnu/libnss_compat-2.27.so
7f66a71b8000-7f66a71ba000 ---p 00008000 00:00 159070             /lib/x86_64-linux-gnu/libnss_compat-2.27.so
7f66a71ba000-7f66a73b8000 ---p 0000000a 00:00 159070             /lib/x86_64-linux-gnu/libnss_compat-2.27.so
7f66a73b8000-7f66a73b9000 r--p 00008000 00:00 159070             /lib/x86_64-linux-gnu/libnss_compat-2.27.so
7f66a73b9000-7f66a73ba000 rw-p 00009000 00:00 159070             /lib/x86_64-linux-gnu/libnss_compat-2.27.so
7f66a73c0000-7f66a73e9000 r-xp 00000000 00:00 257340             /usr/lib/jvm/java-11-openjdk-amd64/lib/libjava.so
7f66a73e9000-7f66a73eb000 ---p 00029000 00:00 257340             /usr/lib/jvm/java-11-openjdk-amd64/lib/libjava.so
7f66a73eb000-7f66a75e8000 ---p 0000002b 00:00 257340             /usr/lib/jvm/java-11-openjdk-amd64/lib/libjava.so
7f66a75e8000-7f66a75e9000 r--p 00028000 00:00 257340             /usr/lib/jvm/java-11-openjdk-amd64/lib/libjava.so
7f66a75e9000-7f66a75eb000 rw-p 00029000 00:00 257340             /usr/lib/jvm/java-11-openjdk-amd64/lib/libjava.so
7f66a75f0000-7f66a75fd000 r-xp 00000000 00:00 257369             /usr/lib/jvm/java-11-openjdk-amd64/lib/libverify.so
7f66a75fd000-7f66a75ff000 ---p 0000d000 00:00 257369             /usr/lib/jvm/java-11-openjdk-amd64/lib/libverify.so
7f66a75ff000-7f66a77fc000 ---p 0000000f 00:00 257369             /usr/lib/jvm/java-11-openjdk-amd64/lib/libverify.so
7f66a77fc000-7f66a77fe000 r--p 0000c000 00:00 257369             /usr/lib/jvm/java-11-openjdk-amd64/lib/libverify.so
7f66a77fe000-7f66a77ff000 rw-p 0000e000 00:00 257369             /usr/lib/jvm/java-11-openjdk-amd64/lib/libverify.so
7f66a7800000-7f66a7807000 r-xp 00000000 00:00 159116             /lib/x86_64-linux-gnu/librt-2.27.so
7f66a7807000-7f66a7808000 ---p 00007000 00:00 159116             /lib/x86_64-linux-gnu/librt-2.27.so
7f66a7808000-7f66a7a06000 ---p 00000008 00:00 159116             /lib/x86_64-linux-gnu/librt-2.27.so
7f66a7a06000-7f66a7a07000 r--p 00006000 00:00 159116             /lib/x86_64-linux-gnu/librt-2.27.so
7f66a7a07000-7f66a7a08000 rw-p 00007000 00:00 159116             /lib/x86_64-linux-gnu/librt-2.27.so
7f66a7a10000-7f66a7a27000 r-xp 00000000 00:00 210847             /lib/x86_64-linux-gnu/libgcc_s.so.1
7f66a7a27000-7f66a7a28000 ---p 00017000 00:00 210847             /lib/x86_64-linux-gnu/libgcc_s.so.1
7f66a7a28000-7f66a7c26000 ---p 00000018 00:00 210847             /lib/x86_64-linux-gnu/libgcc_s.so.1
7f66a7c26000-7f66a7c27000 r--p 00016000 00:00 210847             /lib/x86_64-linux-gnu/libgcc_s.so.1
7f66a7c27000-7f66a7c28000 rw-p 00017000 00:00 210847             /lib/x86_64-linux-gnu/libgcc_s.so.1
7f66a7c30000-7f66a7dcd000 r-xp 00000000 00:00 159051             /lib/x86_64-linux-gnu/libm-2.27.so
7f66a7dcd000-7f66a7dd0000 ---p 0019d000 00:00 159051             /lib/x86_64-linux-gnu/libm-2.27.so
7f66a7dd0000-7f66a7fcc000 ---p 000001a0 00:00 159051             /lib/x86_64-linux-gnu/libm-2.27.so
7f66a7fcc000-7f66a7fcd000 r--p 0019c000 00:00 159051             /lib/x86_64-linux-gnu/libm-2.27.so
7f66a7fcd000-7f66a7fce000 rw-p 0019d000 00:00 159051             /lib/x86_64-linux-gnu/libm-2.27.so
7f66a7fd0000-7f66a8149000 r-xp 00000000 00:00 256237             /usr/lib/x86_64-linux-gnu/libstdc++.so.6.0.25
7f66a8149000-7f66a8156000 ---p 00179000 00:00 256237             /usr/lib/x86_64-linux-gnu/libstdc++.so.6.0.25
7f66a8156000-7f66a8349000 ---p 00000186 00:00 256237             /usr/lib/x86_64-linux-gnu/libstdc++.so.6.0.25
7f66a8349000-7f66a8353000 r--p 00179000 00:00 256237             /usr/lib/x86_64-linux-gnu/libstdc++.so.6.0.25
7f66a8353000-7f66a8355000 rw-p 00183000 00:00 256237             /usr/lib/x86_64-linux-gnu/libstdc++.so.6.0.25
7f66a8355000-7f66a8359000 rw-p 00000000 00:00 0
7f66a8360000-7f66a9439000 r-xp 00000000 00:00 257377             /usr/lib/jvm/java-11-openjdk-amd64/lib/server/libjvm.so
7f66a9439000-7f66a952f000 ---p 010d9000 00:00 257377             /usr/lib/jvm/java-11-openjdk-amd64/lib/server/libjvm.so
7f66a952f000-7f66a9638000 ---p 000011cf 00:00 257377             /usr/lib/jvm/java-11-openjdk-amd64/lib/server/libjvm.so
7f66a9638000-7f66a96f5000 r--p 010d8000 00:00 257377             /usr/lib/jvm/java-11-openjdk-amd64/lib/server/libjvm.so
7f66a96f5000-7f66a972f000 rw-p 01195000 00:00 257377             /usr/lib/jvm/java-11-openjdk-amd64/lib/server/libjvm.so
7f66a972f000-7f66a9785000 rw-p 00000000 00:00 0
7f66a9790000-7f66a97aa000 r-xp 00000000 00:00 159108             /lib/x86_64-linux-gnu/libpthread-2.27.so
7f66a97aa000-7f66a97b4000 ---p 0001a000 00:00 159108             /lib/x86_64-linux-gnu/libpthread-2.27.so
7f66a97b4000-7f66a99a9000 ---p 00000024 00:00 159108             /lib/x86_64-linux-gnu/libpthread-2.27.so
7f66a99a9000-7f66a99aa000 r--p 00019000 00:00 159108             /lib/x86_64-linux-gnu/libpthread-2.27.so
7f66a99aa000-7f66a99ab000 rw-p 0001a000 00:00 159108             /lib/x86_64-linux-gnu/libpthread-2.27.so
7f66a99ab000-7f66a99af000 rw-p 00000000 00:00 0
7f66a99b0000-7f66a99b3000 r-xp 00000000 00:00 159011             /lib/x86_64-linux-gnu/libdl-2.27.so
7f66a99b3000-7f66a99b4000 ---p 00003000 00:00 159011             /lib/x86_64-linux-gnu/libdl-2.27.so
7f66a99b4000-7f66a9bb2000 ---p 00000004 00:00 159011             /lib/x86_64-linux-gnu/libdl-2.27.so
7f66a9bb2000-7f66a9bb3000 r--p 00002000 00:00 159011             /lib/x86_64-linux-gnu/libdl-2.27.so
7f66a9bb3000-7f66a9bb4000 rw-p 00003000 00:00 159011             /lib/x86_64-linux-gnu/libdl-2.27.so
7f66a9bc0000-7f66a9bdc000 r-xp 00000000 00:00 159147             /lib/x86_64-linux-gnu/libz.so.1.2.11
7f66a9bdc000-7f66a9bdd000 ---p 0001c000 00:00 159147             /lib/x86_64-linux-gnu/libz.so.1.2.11
7f66a9bdd000-7f66a9ddb000 ---p 0000001d 00:00 159147             /lib/x86_64-linux-gnu/libz.so.1.2.11
7f66a9ddb000-7f66a9ddc000 r--p 0001b000 00:00 159147             /lib/x86_64-linux-gnu/libz.so.1.2.11
7f66a9ddc000-7f66a9ddd000 rw-p 0001c000 00:00 159147             /lib/x86_64-linux-gnu/libz.so.1.2.11
7f66a9de0000-7f66a9fc7000 r-xp 00000000 00:00 158988             /lib/x86_64-linux-gnu/libc-2.27.so
7f66a9fc7000-7f66a9fd0000 ---p 001e7000 00:00 158988             /lib/x86_64-linux-gnu/libc-2.27.so
7f66a9fd0000-7f66aa1c7000 ---p 000001f0 00:00 158988             /lib/x86_64-linux-gnu/libc-2.27.so
7f66aa1c7000-7f66aa1cb000 r--p 001e7000 00:00 158988             /lib/x86_64-linux-gnu/libc-2.27.so
7f66aa1cb000-7f66aa1cd000 rw-p 001eb000 00:00 158988             /lib/x86_64-linux-gnu/libc-2.27.so
7f66aa1cd000-7f66aa1d1000 rw-p 00000000 00:00 0
7f66aa1e0000-7f66aa1f0000 r-xp 00000000 00:00 257324             /usr/lib/jvm/java-11-openjdk-amd64/lib/jli/libjli.so
7f66aa1f0000-7f66aa1f1000 ---p 00010000 00:00 257324             /usr/lib/jvm/java-11-openjdk-amd64/lib/jli/libjli.so
7f66aa1f1000-7f66aa3ef000 ---p 00000011 00:00 257324             /usr/lib/jvm/java-11-openjdk-amd64/lib/jli/libjli.so
7f66aa3ef000-7f66aa3f0000 r--p 0000f000 00:00 257324             /usr/lib/jvm/java-11-openjdk-amd64/lib/jli/libjli.so
7f66aa3f0000-7f66aa3f1000 rw-p 00010000 00:00 257324             /usr/lib/jvm/java-11-openjdk-amd64/lib/jli/libjli.so
7f66aa400000-7f66aa426000 r-xp 00000000 00:00 158964             /lib/x86_64-linux-gnu/ld-2.27.so
7f66aa426000-7f66aa427000 r-xp 00026000 00:00 158964             /lib/x86_64-linux-gnu/ld-2.27.so
7f66aa440000-7f66aa45b000 rw-p 00000000 00:00 0
7f66aa45b000-7f66aa52b000 ---p 00000000 00:00 0
7f66aa530000-7f66aa571000 rw-p 00000000 00:00 0
7f66aa571000-7f66aa61b000 ---p 00000000 00:00 0
7f66aa627000-7f66aa628000 r--p 00027000 00:00 158964             /lib/x86_64-linux-gnu/ld-2.27.so
7f66aa628000-7f66aa629000 rw-p 00028000 00:00 158964             /lib/x86_64-linux-gnu/ld-2.27.so
7f66aa629000-7f66aa62a000 rw-p 00000000 00:00 0
7f66aa63f000-7f66aa670000 r--p 00000000 00:00 161446             /usr/lib/locale/C.UTF-8/LC_CTYPE
7f66aa670000-7f66aa6cb000 rw-p 00000000 00:00 0
7f66aa6d0000-7f66aa6e4000 rw-p 00000000 00:00 0
7f66aa6f0000-7f66aa6f5000 rw-p 00000000 00:00 0
7f66aa6f5000-7f66aa6fc000 ---p 00000000 00:00 0
7f66aa700000-7f66aa701000 ---p 00000000 00:00 0
7f66aa701000-7f66aa702000 r--p 00000000 00:00 0
7f66aa710000-7f66aa714000 ---p 00000000 00:00 0
7f66aa714000-7f66aa811000 rw-p 00000000 00:00 0
7f66aa819000-7f66aa820000 r--s 00000000 00:00 178794             /usr/lib/x86_64-linux-gnu/gconv/gconv-modules.cache
7f66aa820000-7f66aa822000 rw-p 00000000 00:00 0
7f66aa822000-7f66aa823000 r--p 00000000 00:00 161457             /usr/lib/locale/C.UTF-8/LC_NUMERIC
7f66aa823000-7f66aa824000 r--p 00000000 00:00 161470             /usr/lib/locale/C.UTF-8/LC_TIME
7f66aa824000-7f66aa825000 r--p 00000000 00:00 161453             /usr/lib/locale/C.UTF-8/LC_MONETARY
7f66aa825000-7f66aa826000 r--p 00000000 00:00 161452             /usr/lib/locale/C.UTF-8/LC_MESSAGES/SYS_LC_MESSAGES
7f66aa826000-7f66aa827000 r--p 00000000 00:00 161462             /usr/lib/locale/C.UTF-8/LC_PAPER
7f66aa827000-7f66aa828000 r--p 00000000 00:00 161454             /usr/lib/locale/C.UTF-8/LC_NAME
7f66aa828000-7f66aa830000 rw-s 00000000 00:00 582217             /tmp/hsperfdata_viral/17573
7f66aa830000-7f66aa832000 rw-p 00000000 00:00 0
7f66aa832000-7f66aa833000 r--p 00000000 00:00 161442             /usr/lib/locale/C.UTF-8/LC_ADDRESS
7f66aa833000-7f66aa834000 r--p 00000000 00:00 161465             /usr/lib/locale/C.UTF-8/LC_TELEPHONE
7f66aa834000-7f66aa835000 r--p 00000000 00:00 161449             /usr/lib/locale/C.UTF-8/LC_MEASUREMENT
7f66aa835000-7f66aa836000 r--p 00000000 00:00 161447             /usr/lib/locale/C.UTF-8/LC_IDENTIFICATION
7f66aa836000-7f66aa838000 r--s 00007000 00:00 258097             /usr/share/java/java-atk-wrapper.jar
7f66aaa00000-7f66aaa01000 r-xp 00000000 00:00 256905             /usr/lib/jvm/java-11-openjdk-amd64/bin/java
7f66aac01000-7f66aac02000 r--p 00001000 00:00 256905             /usr/lib/jvm/java-11-openjdk-amd64/bin/java
7f66aac02000-7f66aac03000 rw-p 00002000 00:00 256905             /usr/lib/jvm/java-11-openjdk-amd64/bin/java
7fffbcdd2000-7fffbcdf3000 rw-p 00000000 00:00 0                  [heap]
7fffc4852000-7fffc5052000 rw-p 00000000 00:00 0                  [stack]
7fffc50f9000-7fffc50fa000 r-xp 00000000 00:00 0                  [vdso]


VM Arguments:
jvm_args: --add-modules=ALL-SYSTEM --add-opens=java.base/java.util=ALL-UNNAMED --add-opens=java.base/java.lang=ALL-UNNAMED -Declipse.application=org.eclipse.jdt.ls.core.id1 -Dosgi.bundles.defaultStartLevel=4 -Declipse.product=org.eclipse.jdt.ls.core.product -Dfile.encoding=utf8 -XX:+UseParallelGC -XX:GCTimeRatio=4 -XX:AdaptiveSizePolicyWeight=90 -Dsun.zip.disableMemoryMapping=true -Xmx1G -Xms100m -Xverify:none 
java_command: /home/viral/.vscode-server/extensions/redhat.java-0.60.0/server/plugins/org.eclipse.equinox.launcher_1.5.700.v20200207-2156.jar -configuration /home/viral/.vscode-server/data/User/globalStorage/redhat.java/0.60.0/config_linux -data /home/viral/.vscode-server/data/User/workspaceStorage/03e036886388a1d3ce77852ecc181773/redhat.java/jdt_ws
java_class_path (initial): /home/viral/.vscode-server/extensions/redhat.java-0.60.0/server/plugins/org.eclipse.equinox.launcher_1.5.700.v20200207-2156.jar
Launcher Type: SUN_STANDARD

[Global flags]
    uintx AdaptiveSizePolicyWeight                 = 90                                        {product} {command line}
     bool BytecodeVerificationLocal                = false                                     {product} {command line}
     bool BytecodeVerificationRemote               = false                                     {product} {command line}
     intx CICompilerCount                          = 4                                         {product} {ergonomic}
    uintx GCTimeRatio                              = 4                                         {product} {command line}
   size_t InitialHeapSize                          = 104857600                                 {product} {command line}
   size_t MaxHeapSize                              = 1073741824                                {product} {command line}
   size_t MaxNewSize                               = 357564416                                 {product} {ergonomic}
   size_t MinHeapDeltaBytes                        = 524288                                    {product} {ergonomic}
   size_t NewSize                                  = 34603008                                  {product} {ergonomic}
    uintx NonNMethodCodeHeapSize                   = 5836300                                {pd product} {ergonomic}
    uintx NonProfiledCodeHeapSize                  = 122910970                              {pd product} {ergonomic}
   size_t OldSize                                  = 70254592                                  {product} {ergonomic}
    uintx ProfiledCodeHeapSize                     = 122910970                              {pd product} {ergonomic}
    uintx ReservedCodeCacheSize                    = 251658240                              {pd product} {ergonomic}
     bool SegmentedCodeCache                       = true                                      {product} {ergonomic}
     bool UseCompressedClassPointers               = true                                 {lp64_product} {ergonomic}
     bool UseCompressedOops                        = true                                 {lp64_product} {ergonomic}
     bool UseParallelGC                            = true                                      {product} {command line}

Logging:
Log output configuration:
 #0: stdout all=warning uptime,level,tags
 #1: stderr all=off uptime,level,tags

Environment Variables:
PATH=/home/viral/.vscode-server/bin/ff915844119ce9485abfe8aa9076ec76b5300ddd/bin:/home/viral/.pyenv/versions/3.7.2/bin:/home/viral/.ebcli-virtual-env/executables:/usr/local/sbin:/usr/local/bin:/usr/sbin:/usr/bin:/sbin:/bin:/usr/games:/usr/local/games:/mnt/c/WINDOWS/system32:/mnt/c/WINDOWS:/mnt/c/WINDOWS/System32/Wbem:/mnt/c/WINDOWS/System32/WindowsPowerShell/v1.0/:/mnt/c/WINDOWS/System32/OpenSSH/:/mnt/c/Program Files (x86)/ATI Technologies/ATI.ACE/Core-Static:/mnt/c/Program Files/Microsoft VS Code/bin:/mnt/c/Program Files/Git/cmd:/mnt/c/Users/viral/AppData/Local/Microsoft/WindowsApps:/snap/bin
SHELL=/bin/bash
HOSTTYPE=x86_64

Signal Handlers:
SIGSEGV: [libjvm.so+0xdf1470], sa_mask[0]=11111111111111111111111111111110, sa_flags=SA_RESTART|SA_SIGINFO
SIGBUS: [libjvm.so+0xdf1470], sa_mask[0]=11111111111111111111111111111110, sa_flags=SA_RESTART|SA_SIGINFO
SIGFPE: [libjvm.so+0xdf1470], sa_mask[0]=11111111111111111111111111111110, sa_flags=SA_RESTART|SA_SIGINFO
SIGPIPE: [libjvm.so+0xbc5560], sa_mask[0]=11111111111111111111111111111110, sa_flags=SA_RESTART|SA_SIGINFO
SIGXFSZ: [libjvm.so+0xbc5560], sa_mask[0]=11111111111111111111111111111110, sa_flags=SA_RESTART|SA_SIGINFO
SIGILL: [libjvm.so+0xdf1470], sa_mask[0]=11111111111111111111111111111110, sa_flags=SA_RESTART|SA_SIGINFO
SIGUSR2: [libjvm.so+0xbc5400], sa_mask[0]=00000000000000000000000000000000, sa_flags=SA_RESTART|SA_SIGINFO
SIGHUP: [libjvm.so+0xbc5760], sa_mask[0]=11111111111111111111111111111110, sa_flags=SA_RESTART|SA_SIGINFO
SIGINT: [libjvm.so+0xbc5760], sa_mask[0]=11111111111111111111111111111110, sa_flags=SA_RESTART|SA_SIGINFO
SIGTERM: [libjvm.so+0xbc5760], sa_mask[0]=11111111111111111111111111111110, sa_flags=SA_RESTART|SA_SIGINFO
SIGQUIT: [libjvm.so+0xbc5760], sa_mask[0]=11111111111111111111111111111110, sa_flags=SA_RESTART|SA_SIGINFO


---------------  S Y S T E M  ---------------

OS:DISTRIB_ID=Ubuntu
DISTRIB_RELEASE=18.04
DISTRIB_CODENAME=bionic
DISTRIB_DESCRIPTION="Ubuntu 18.04.4 LTS"
uname:Linux 4.4.0-18362-Microsoft #476-Microsoft Fri Nov 01 16:53:00 PST 2019 x86_64
libc:glibc 2.27 NPTL 2.27 
rlimit: STACK 8192k, CORE 0k, NPROC 7823, NOFILE 65536, AS infinity, DATA infinity, FSIZE infinity
load average:0.52 0.58 0.59

/proc/meminfo:
MemTotal:        8335212 kB
MemFree:         1197264 kB
Buffers:           34032 kB
Cached:           188576 kB
SwapCached:            0 kB
Active:           167556 kB
Inactive:         157876 kB
Active(anon):     103104 kB
Inactive(anon):    17440 kB
Active(file):      64452 kB
Inactive(file):   140436 kB
Unevictable:           0 kB
Mlocked:               0 kB
SwapTotal:      25165824 kB
SwapFree:       23286880 kB
Dirty:                 0 kB
Writeback:             0 kB
AnonPages:        102824 kB
Mapped:            71404 kB
Shmem:             17720 kB
Slab:              13868 kB
SReclaimable:       6744 kB
SUnreclaim:         7124 kB
KernelStack:        2848 kB
PageTables:         2524 kB
NFS_Unstable:          0 kB
Bounce:                0 kB
WritebackTmp:          0 kB
CommitLimit:      515524 kB
Committed_AS:    3450064 kB
VmallocTotal:     122880 kB
VmallocUsed:       21296 kB
VmallocChunk:      66044 kB
HardwareCorrupted:     0 kB
AnonHugePages:      2048 kB
HugePages_Total:       0
HugePages_Free:        0
HugePages_Rsvd:        0
HugePages_Surp:        0
Hugepagesize:       2048 kB
DirectMap4k:       12280 kB
DirectMap4M:      897024 kB


/proc/sys/kernel/threads-max (system-wide limit on the number of threads):
32768


/proc/sys/vm/max_map_count (maximum number of memory map areas a process may have):


/proc/sys/kernel/pid_max (system-wide limit on number of process identifiers):
32768



Steal ticks since vm start: 0
Steal ticks percentage since vm start:  0.000

CPU:total 8 (initial active 8) (4 cores per cpu, 2 threads per core) family 6 model 42 stepping 7, cmov, cx8, fxsr, mmx, sse, sse2, sse3, ssse3, sse4.1, sse4.2, popcnt, avx, aes, clmul, ht, tsc, tscinvbit
CPU Model and flags from /proc/cpuinfo:
model name	:       Intel(R) Core(TM) i7-2670QM CPU @ 2.20GHz
flags		: fpu vme de pse tsc msr pae mce cx8 apic sep mtrr pge mca cmov pat pse36 clflush dts acpi mmx fxsr sse sse2 ss ht tm pbe syscall nx rdtscp lm pni pclmulqdq dtes64 monitor ds_cpl vmx est tm2 ssse3 cx16 xtpr pdcm pcid sse4_1 sse4_2 x2apic popcnt tsc_deadline_timer aes xsave osxsave avx lahf_lm ibrs ibpb stibp ssbd

Memory: 4k page, physical 8335212k(1197264k free), swap 25165824k(23286880k free)

vm_info: OpenJDK 64-Bit Server VM (11.0.6+10-post-Ubuntu-1ubuntu118.04.1) for linux-amd64 JRE (11.0.6+10-post-Ubuntu-1ubuntu118.04.1), built on Jan 15 2020 15:14:00 by "unknown" with gcc 7.4.0

END.
